{"D:\\REPO BACK\\B2\\BACKEND\\src\\application\\services\\EmergencyService.js": {"path":"D:\\REPO BACK\\B2\\BACKEND\\src\\application\\services\\EmergencyService.js","statementMap":{"0":{"start":{"line":2,"column":16},"end":{"line":10,"column":1}},"1":{"start":{"line":3,"column":28},"end":{"line":3,"column":110}},"2":{"start":{"line":3,"column":91},"end":{"line":3,"column":106}},"3":{"start":{"line":4,"column":4},"end":{"line":9,"column":7}},"4":{"start":{"line":5,"column":36},"end":{"line":5,"column":97}},"5":{"start":{"line":5,"column":42},"end":{"line":5,"column":70}},"6":{"start":{"line":5,"column":85},"end":{"line":5,"column":95}},"7":{"start":{"line":6,"column":35},"end":{"line":6,"column":100}},"8":{"start":{"line":6,"column":41},"end":{"line":6,"column":73}},"9":{"start":{"line":6,"column":88},"end":{"line":6,"column":98}},"10":{"start":{"line":7,"column":32},"end":{"line":7,"column":116}},"11":{"start":{"line":8,"column":8},"end":{"line":8,"column":78}},"12":{"start":{"line":11,"column":0},"end":{"line":11,"column":62}},"13":{"start":{"line":12,"column":0},"end":{"line":12,"column":34}},"14":{"start":{"line":13,"column":30},"end":{"line":13,"column":94}},"15":{"start":{"line":14,"column":30},"end":{"line":14,"column":94}},"16":{"start":{"line":15,"column":22},"end":{"line":15,"column":71}},"17":{"start":{"line":16,"column":22},"end":{"line":16,"column":71}},"18":{"start":{"line":19,"column":8},"end":{"line":19,"column":106}},"19":{"start":{"line":20,"column":8},"end":{"line":20,"column":106}},"20":{"start":{"line":23,"column":8},"end":{"line":70,"column":11}},"21":{"start":{"line":24,"column":25},"end":{"line":24,"column":63}},"22":{"start":{"line":25,"column":12},"end":{"line":63,"column":13}},"23":{"start":{"line":26,"column":28},"end":{"line":26,"column":37}},"24":{"start":{"line":27,"column":28},"end":{"line":27,"column":38}},"25":{"start":{"line":28,"column":29},"end":{"line":28,"column":41}},"26":{"start":{"line":29,"column":16},"end":{"line":62,"column":17}},"27":{"start":{"line":30,"column":33},"end":{"line":30,"column":64}},"28":{"start":{"line":31,"column":41},"end":{"line":33,"column":22}},"29":{"start":{"line":32,"column":24},"end":{"line":32,"column":117}},"30":{"start":{"line":34,"column":20},"end":{"line":41,"column":22}},"31":{"start":{"line":43,"column":21},"end":{"line":62,"column":17}},"32":{"start":{"line":44,"column":20},"end":{"line":50,"column":22}},"33":{"start":{"line":52,"column":21},"end":{"line":62,"column":17}},"34":{"start":{"line":53,"column":38},"end":{"line":53,"column":79}},"35":{"start":{"line":54,"column":20},"end":{"line":61,"column":22}},"36":{"start":{"line":64,"column":12},"end":{"line":69,"column":14}},"37":{"start":{"line":73,"column":0},"end":{"line":73,"column":44}}},"fnMap":{"0":{"name":"(anonymous_0)","decl":{"start":{"line":2,"column":44},"end":{"line":2,"column":45}},"loc":{"start":{"line":2,"column":89},"end":{"line":10,"column":1}},"line":2},"1":{"name":"adopt","decl":{"start":{"line":3,"column":13},"end":{"line":3,"column":18}},"loc":{"start":{"line":3,"column":26},"end":{"line":3,"column":112}},"line":3},"2":{"name":"(anonymous_2)","decl":{"start":{"line":3,"column":70},"end":{"line":3,"column":71}},"loc":{"start":{"line":3,"column":89},"end":{"line":3,"column":108}},"line":3},"3":{"name":"(anonymous_3)","decl":{"start":{"line":4,"column":36},"end":{"line":4,"column":37}},"loc":{"start":{"line":4,"column":63},"end":{"line":9,"column":5}},"line":4},"4":{"name":"fulfilled","decl":{"start":{"line":5,"column":17},"end":{"line":5,"column":26}},"loc":{"start":{"line":5,"column":34},"end":{"line":5,"column":99}},"line":5},"5":{"name":"rejected","decl":{"start":{"line":6,"column":17},"end":{"line":6,"column":25}},"loc":{"start":{"line":6,"column":33},"end":{"line":6,"column":102}},"line":6},"6":{"name":"step","decl":{"start":{"line":7,"column":17},"end":{"line":7,"column":21}},"loc":{"start":{"line":7,"column":30},"end":{"line":7,"column":118}},"line":7},"7":{"name":"(anonymous_7)","decl":{"start":{"line":18,"column":4},"end":{"line":18,"column":5}},"loc":{"start":{"line":18,"column":18},"end":{"line":21,"column":5}},"line":18},"8":{"name":"(anonymous_8)","decl":{"start":{"line":22,"column":4},"end":{"line":22,"column":5}},"loc":{"start":{"line":22,"column":23},"end":{"line":71,"column":5}},"line":22},"9":{"name":"(anonymous_9)","decl":{"start":{"line":23,"column":47},"end":{"line":23,"column":48}},"loc":{"start":{"line":23,"column":60},"end":{"line":70,"column":9}},"line":23},"10":{"name":"(anonymous_10)","decl":{"start":{"line":31,"column":53},"end":{"line":31,"column":54}},"loc":{"start":{"line":31,"column":67},"end":{"line":33,"column":21}},"line":31}},"branchMap":{"0":{"loc":{"start":{"line":2,"column":16},"end":{"line":10,"column":1}},"type":"binary-expr","locations":[{"start":{"line":2,"column":17},"end":{"line":2,"column":21}},{"start":{"line":2,"column":25},"end":{"line":2,"column":39}},{"start":{"line":2,"column":44},"end":{"line":10,"column":1}}],"line":2},"1":{"loc":{"start":{"line":3,"column":35},"end":{"line":3,"column":109}},"type":"cond-expr","locations":[{"start":{"line":3,"column":56},"end":{"line":3,"column":61}},{"start":{"line":3,"column":64},"end":{"line":3,"column":109}}],"line":3},"2":{"loc":{"start":{"line":4,"column":16},"end":{"line":4,"column":34}},"type":"binary-expr","locations":[{"start":{"line":4,"column":16},"end":{"line":4,"column":17}},{"start":{"line":4,"column":22},"end":{"line":4,"column":33}}],"line":4},"3":{"loc":{"start":{"line":7,"column":32},"end":{"line":7,"column":115}},"type":"cond-expr","locations":[{"start":{"line":7,"column":46},"end":{"line":7,"column":67}},{"start":{"line":7,"column":70},"end":{"line":7,"column":115}}],"line":7},"4":{"loc":{"start":{"line":8,"column":51},"end":{"line":8,"column":67}},"type":"binary-expr","locations":[{"start":{"line":8,"column":51},"end":{"line":8,"column":61}},{"start":{"line":8,"column":65},"end":{"line":8,"column":67}}],"line":8},"5":{"loc":{"start":{"line":25,"column":12},"end":{"line":63,"column":13}},"type":"if","locations":[{"start":{"line":25,"column":12},"end":{"line":63,"column":13}},{"start":{},"end":{}}],"line":25},"6":{"loc":{"start":{"line":29,"column":16},"end":{"line":62,"column":17}},"type":"if","locations":[{"start":{"line":29,"column":16},"end":{"line":62,"column":17}},{"start":{"line":43,"column":21},"end":{"line":62,"column":17}}],"line":29},"7":{"loc":{"start":{"line":32,"column":31},"end":{"line":32,"column":116}},"type":"binary-expr","locations":[{"start":{"line":32,"column":31},"end":{"line":32,"column":60}},{"start":{"line":32,"column":64},"end":{"line":32,"column":84}},{"start":{"line":32,"column":88},"end":{"line":32,"column":116}}],"line":32},"8":{"loc":{"start":{"line":43,"column":21},"end":{"line":62,"column":17}},"type":"if","locations":[{"start":{"line":43,"column":21},"end":{"line":62,"column":17}},{"start":{"line":52,"column":21},"end":{"line":62,"column":17}}],"line":43},"9":{"loc":{"start":{"line":43,"column":25},"end":{"line":43,"column":49}},"type":"binary-expr","locations":[{"start":{"line":43,"column":25},"end":{"line":43,"column":35}},{"start":{"line":43,"column":39},"end":{"line":43,"column":49}}],"line":43},"10":{"loc":{"start":{"line":52,"column":21},"end":{"line":62,"column":17}},"type":"if","locations":[{"start":{"line":52,"column":21},"end":{"line":62,"column":17}},{"start":{},"end":{}}],"line":52}},"s":{"0":1,"1":0,"2":0,"3":0,"4":0,"5":0,"6":0,"7":0,"8":0,"9":0,"10":0,"11":0,"12":1,"13":1,"14":1,"15":1,"16":1,"17":1,"18":1,"19":1,"20":0,"21":0,"22":0,"23":0,"24":0,"25":0,"26":0,"27":0,"28":0,"29":0,"30":0,"31":0,"32":0,"33":0,"34":0,"35":0,"36":0,"37":1},"f":{"0":0,"1":0,"2":0,"3":0,"4":0,"5":0,"6":0,"7":1,"8":0,"9":0,"10":0},"b":{"0":[1,1,1],"1":[0,0],"2":[0,0],"3":[0,0],"4":[0,0],"5":[0,0],"6":[0,0],"7":[0,0,0],"8":[0,0],"9":[0,0],"10":[0,0]},"_coverageSchema":"1a1c01bbd47fc00a2c39e90264f33305004495a9","hash":"797b594d6efe43edac37763879b4494f69ec75f4"}
,"D:\\REPO BACK\\B2\\BACKEND\\src\\application\\services\\FoodService.js": {"path":"D:\\REPO BACK\\B2\\BACKEND\\src\\application\\services\\FoodService.js","statementMap":{"0":{"start":{"line":2,"column":16},"end":{"line":10,"column":1}},"1":{"start":{"line":3,"column":28},"end":{"line":3,"column":110}},"2":{"start":{"line":3,"column":91},"end":{"line":3,"column":106}},"3":{"start":{"line":4,"column":4},"end":{"line":9,"column":7}},"4":{"start":{"line":5,"column":36},"end":{"line":5,"column":97}},"5":{"start":{"line":5,"column":42},"end":{"line":5,"column":70}},"6":{"start":{"line":5,"column":85},"end":{"line":5,"column":95}},"7":{"start":{"line":6,"column":35},"end":{"line":6,"column":100}},"8":{"start":{"line":6,"column":41},"end":{"line":6,"column":73}},"9":{"start":{"line":6,"column":88},"end":{"line":6,"column":98}},"10":{"start":{"line":7,"column":32},"end":{"line":7,"column":116}},"11":{"start":{"line":8,"column":8},"end":{"line":8,"column":78}},"12":{"start":{"line":11,"column":0},"end":{"line":11,"column":62}},"13":{"start":{"line":12,"column":0},"end":{"line":12,"column":29}},"14":{"start":{"line":13,"column":15},"end":{"line":13,"column":52}},"15":{"start":{"line":14,"column":14},"end":{"line":14,"column":30}},"16":{"start":{"line":17,"column":8},"end":{"line":17,"column":46}},"17":{"start":{"line":20,"column":8},"end":{"line":22,"column":11}},"18":{"start":{"line":21,"column":12},"end":{"line":21,"column":49}},"19":{"start":{"line":25,"column":8},"end":{"line":27,"column":11}},"20":{"start":{"line":26,"column":12},"end":{"line":26,"column":50}},"21":{"start":{"line":30,"column":8},"end":{"line":56,"column":11}},"22":{"start":{"line":31,"column":27},"end":{"line":31,"column":76}},"23":{"start":{"line":32,"column":24},"end":{"line":32,"column":37}},"24":{"start":{"line":33,"column":12},"end":{"line":55,"column":13}},"25":{"start":{"line":34,"column":33},"end":{"line":34,"column":53}},"26":{"start":{"line":35,"column":29},"end":{"line":35,"column":42}},"27":{"start":{"line":37,"column":36},"end":{"line":37,"column":61}},"28":{"start":{"line":38,"column":16},"end":{"line":43,"column":17}},"29":{"start":{"line":39,"column":20},"end":{"line":39,"column":66}},"30":{"start":{"line":42,"column":20},"end":{"line":42,"column":40}},"31":{"start":{"line":44,"column":35},"end":{"line":44,"column":58}},"32":{"start":{"line":45,"column":30},"end":{"line":45,"column":40}},"33":{"start":{"line":46,"column":32},"end":{"line":46,"column":83}},"34":{"start":{"line":47,"column":38},"end":{"line":47,"column":92}},"35":{"start":{"line":48,"column":28},"end":{"line":48,"column":72}},"36":{"start":{"line":49,"column":33},"end":{"line":49,"column":112}},"37":{"start":{"line":50,"column":29},"end":{"line":50,"column":69}},"38":{"start":{"line":51,"column":16},"end":{"line":51,"column":28}},"39":{"start":{"line":54,"column":16},"end":{"line":54,"column":66}},"40":{"start":{"line":59,"column":8},"end":{"line":61,"column":11}},"41":{"start":{"line":60,"column":12},"end":{"line":60,"column":52}},"42":{"start":{"line":64,"column":8},"end":{"line":66,"column":11}},"43":{"start":{"line":65,"column":12},"end":{"line":65,"column":56}},"44":{"start":{"line":69,"column":0},"end":{"line":69,"column":34}}},"fnMap":{"0":{"name":"(anonymous_0)","decl":{"start":{"line":2,"column":44},"end":{"line":2,"column":45}},"loc":{"start":{"line":2,"column":89},"end":{"line":10,"column":1}},"line":2},"1":{"name":"adopt","decl":{"start":{"line":3,"column":13},"end":{"line":3,"column":18}},"loc":{"start":{"line":3,"column":26},"end":{"line":3,"column":112}},"line":3},"2":{"name":"(anonymous_2)","decl":{"start":{"line":3,"column":70},"end":{"line":3,"column":71}},"loc":{"start":{"line":3,"column":89},"end":{"line":3,"column":108}},"line":3},"3":{"name":"(anonymous_3)","decl":{"start":{"line":4,"column":36},"end":{"line":4,"column":37}},"loc":{"start":{"line":4,"column":63},"end":{"line":9,"column":5}},"line":4},"4":{"name":"fulfilled","decl":{"start":{"line":5,"column":17},"end":{"line":5,"column":26}},"loc":{"start":{"line":5,"column":34},"end":{"line":5,"column":99}},"line":5},"5":{"name":"rejected","decl":{"start":{"line":6,"column":17},"end":{"line":6,"column":25}},"loc":{"start":{"line":6,"column":33},"end":{"line":6,"column":102}},"line":6},"6":{"name":"step","decl":{"start":{"line":7,"column":17},"end":{"line":7,"column":21}},"loc":{"start":{"line":7,"column":30},"end":{"line":7,"column":118}},"line":7},"7":{"name":"(anonymous_7)","decl":{"start":{"line":16,"column":4},"end":{"line":16,"column":5}},"loc":{"start":{"line":16,"column":32},"end":{"line":18,"column":5}},"line":16},"8":{"name":"(anonymous_8)","decl":{"start":{"line":19,"column":4},"end":{"line":19,"column":5}},"loc":{"start":{"line":19,"column":13},"end":{"line":23,"column":5}},"line":19},"9":{"name":"(anonymous_9)","decl":{"start":{"line":20,"column":47},"end":{"line":20,"column":48}},"loc":{"start":{"line":20,"column":60},"end":{"line":22,"column":9}},"line":20},"10":{"name":"(anonymous_10)","decl":{"start":{"line":24,"column":4},"end":{"line":24,"column":5}},"loc":{"start":{"line":24,"column":18},"end":{"line":28,"column":5}},"line":24},"11":{"name":"(anonymous_11)","decl":{"start":{"line":25,"column":47},"end":{"line":25,"column":48}},"loc":{"start":{"line":25,"column":60},"end":{"line":27,"column":9}},"line":25},"12":{"name":"(anonymous_12)","decl":{"start":{"line":29,"column":4},"end":{"line":29,"column":5}},"loc":{"start":{"line":29,"column":22},"end":{"line":57,"column":5}},"line":29},"13":{"name":"(anonymous_13)","decl":{"start":{"line":30,"column":47},"end":{"line":30,"column":48}},"loc":{"start":{"line":30,"column":60},"end":{"line":56,"column":9}},"line":30},"14":{"name":"(anonymous_14)","decl":{"start":{"line":58,"column":4},"end":{"line":58,"column":5}},"loc":{"start":{"line":58,"column":16},"end":{"line":62,"column":5}},"line":58},"15":{"name":"(anonymous_15)","decl":{"start":{"line":59,"column":47},"end":{"line":59,"column":48}},"loc":{"start":{"line":59,"column":60},"end":{"line":61,"column":9}},"line":59},"16":{"name":"(anonymous_16)","decl":{"start":{"line":63,"column":4},"end":{"line":63,"column":5}},"loc":{"start":{"line":63,"column":20},"end":{"line":67,"column":5}},"line":63},"17":{"name":"(anonymous_17)","decl":{"start":{"line":64,"column":47},"end":{"line":64,"column":48}},"loc":{"start":{"line":64,"column":60},"end":{"line":66,"column":9}},"line":64}},"branchMap":{"0":{"loc":{"start":{"line":2,"column":16},"end":{"line":10,"column":1}},"type":"binary-expr","locations":[{"start":{"line":2,"column":17},"end":{"line":2,"column":21}},{"start":{"line":2,"column":25},"end":{"line":2,"column":39}},{"start":{"line":2,"column":44},"end":{"line":10,"column":1}}],"line":2},"1":{"loc":{"start":{"line":3,"column":35},"end":{"line":3,"column":109}},"type":"cond-expr","locations":[{"start":{"line":3,"column":56},"end":{"line":3,"column":61}},{"start":{"line":3,"column":64},"end":{"line":3,"column":109}}],"line":3},"2":{"loc":{"start":{"line":4,"column":16},"end":{"line":4,"column":34}},"type":"binary-expr","locations":[{"start":{"line":4,"column":16},"end":{"line":4,"column":17}},{"start":{"line":4,"column":22},"end":{"line":4,"column":33}}],"line":4},"3":{"loc":{"start":{"line":7,"column":32},"end":{"line":7,"column":115}},"type":"cond-expr","locations":[{"start":{"line":7,"column":46},"end":{"line":7,"column":67}},{"start":{"line":7,"column":70},"end":{"line":7,"column":115}}],"line":7},"4":{"loc":{"start":{"line":8,"column":51},"end":{"line":8,"column":67}},"type":"binary-expr","locations":[{"start":{"line":8,"column":51},"end":{"line":8,"column":61}},{"start":{"line":8,"column":65},"end":{"line":8,"column":67}}],"line":8},"5":{"loc":{"start":{"line":38,"column":16},"end":{"line":43,"column":17}},"type":"if","locations":[{"start":{"line":38,"column":16},"end":{"line":43,"column":17}},{"start":{"line":41,"column":21},"end":{"line":43,"column":17}}],"line":38}},"s":{"0":1,"1":2,"2":0,"3":2,"4":2,"5":2,"6":0,"7":0,"8":0,"9":0,"10":4,"11":2,"12":1,"13":1,"14":1,"15":1,"16":3,"17":1,"18":1,"19":0,"20":0,"21":1,"22":1,"23":1,"24":1,"25":1,"26":1,"27":1,"28":1,"29":0,"30":1,"31":1,"32":1,"33":1,"34":1,"35":1,"36":1,"37":1,"38":1,"39":0,"40":0,"41":0,"42":0,"43":0,"44":1},"f":{"0":2,"1":2,"2":0,"3":2,"4":2,"5":0,"6":4,"7":3,"8":1,"9":1,"10":0,"11":0,"12":1,"13":1,"14":0,"15":0,"16":0,"17":0},"b":{"0":[1,1,1],"1":[2,0],"2":[2,2],"3":[2,2],"4":[2,2],"5":[0,1]},"_coverageSchema":"1a1c01bbd47fc00a2c39e90264f33305004495a9","hash":"2ec0959a5641484053421a52e4b1a2170ee1ae07"}
,"D:\\REPO BACK\\B2\\BACKEND\\src\\application\\services\\PlateService.js": {"path":"D:\\REPO BACK\\B2\\BACKEND\\src\\application\\services\\PlateService.js","statementMap":{"0":{"start":{"line":2,"column":22},"end":{"line":12,"column":3}},"1":{"start":{"line":3,"column":4},"end":{"line":3,"column":33}},"2":{"start":{"line":3,"column":26},"end":{"line":3,"column":33}},"3":{"start":{"line":4,"column":15},"end":{"line":4,"column":52}},"4":{"start":{"line":5,"column":4},"end":{"line":7,"column":5}},"5":{"start":{"line":6,"column":6},"end":{"line":6,"column":68}},"6":{"start":{"line":6,"column":51},"end":{"line":6,"column":63}},"7":{"start":{"line":8,"column":4},"end":{"line":8,"column":39}},"8":{"start":{"line":10,"column":4},"end":{"line":10,"column":33}},"9":{"start":{"line":10,"column":26},"end":{"line":10,"column":33}},"10":{"start":{"line":11,"column":4},"end":{"line":11,"column":17}},"11":{"start":{"line":13,"column":25},"end":{"line":17,"column":2}},"12":{"start":{"line":14,"column":4},"end":{"line":14,"column":72}},"13":{"start":{"line":16,"column":4},"end":{"line":16,"column":21}},"14":{"start":{"line":18,"column":19},"end":{"line":24,"column":1}},"15":{"start":{"line":19,"column":4},"end":{"line":19,"column":42}},"16":{"start":{"line":19,"column":31},"end":{"line":19,"column":42}},"17":{"start":{"line":20,"column":17},"end":{"line":20,"column":19}},"18":{"start":{"line":21,"column":4},"end":{"line":21,"column":141}},"19":{"start":{"line":21,"column":21},"end":{"line":21,"column":141}},"20":{"start":{"line":21,"column":40},"end":{"line":21,"column":141}},"21":{"start":{"line":21,"column":109},"end":{"line":21,"column":141}},"22":{"start":{"line":22,"column":4},"end":{"line":22,"column":36}},"23":{"start":{"line":23,"column":4},"end":{"line":23,"column":18}},"24":{"start":{"line":25,"column":16},"end":{"line":33,"column":1}},"25":{"start":{"line":26,"column":28},"end":{"line":26,"column":110}},"26":{"start":{"line":26,"column":91},"end":{"line":26,"column":106}},"27":{"start":{"line":27,"column":4},"end":{"line":32,"column":7}},"28":{"start":{"line":28,"column":36},"end":{"line":28,"column":97}},"29":{"start":{"line":28,"column":42},"end":{"line":28,"column":70}},"30":{"start":{"line":28,"column":85},"end":{"line":28,"column":95}},"31":{"start":{"line":29,"column":35},"end":{"line":29,"column":100}},"32":{"start":{"line":29,"column":41},"end":{"line":29,"column":73}},"33":{"start":{"line":29,"column":88},"end":{"line":29,"column":98}},"34":{"start":{"line":30,"column":32},"end":{"line":30,"column":116}},"35":{"start":{"line":31,"column":8},"end":{"line":31,"column":78}},"36":{"start":{"line":34,"column":0},"end":{"line":34,"column":62}},"37":{"start":{"line":35,"column":0},"end":{"line":35,"column":30}},"38":{"start":{"line":36,"column":11},"end":{"line":36,"column":52}},"39":{"start":{"line":39,"column":8},"end":{"line":39,"column":47}},"40":{"start":{"line":42,"column":8},"end":{"line":44,"column":11}},"41":{"start":{"line":43,"column":12},"end":{"line":43,"column":51}},"42":{"start":{"line":47,"column":8},"end":{"line":94,"column":11}},"43":{"start":{"line":48,"column":33},"end":{"line":48,"column":80}},"44":{"start":{"line":49,"column":12},"end":{"line":49,"column":38}},"45":{"start":{"line":51,"column":29},"end":{"line":51,"column":88}},"46":{"start":{"line":51,"column":68},"end":{"line":51,"column":86}},"47":{"start":{"line":52,"column":29},"end":{"line":52,"column":83}},"48":{"start":{"line":52,"column":68},"end":{"line":52,"column":81}},"49":{"start":{"line":53,"column":28},"end":{"line":53,"column":78}},"50":{"start":{"line":53,"column":67},"end":{"line":53,"column":76}},"51":{"start":{"line":54,"column":35},"end":{"line":59,"column":15}},"52":{"start":{"line":54,"column":61},"end":{"line":59,"column":13}},"53":{"start":{"line":61,"column":26},"end":{"line":61,"column":41}},"54":{"start":{"line":62,"column":12},"end":{"line":62,"column":91}},"55":{"start":{"line":63,"column":12},"end":{"line":63,"column":74}},"56":{"start":{"line":64,"column":12},"end":{"line":64,"column":74}},"57":{"start":{"line":65,"column":12},"end":{"line":65,"column":73}},"58":{"start":{"line":66,"column":12},"end":{"line":66,"column":75}},"59":{"start":{"line":67,"column":12},"end":{"line":67,"column":89}},"60":{"start":{"line":69,"column":31},"end":{"line":69,"column":92}},"61":{"start":{"line":69,"column":70},"end":{"line":69,"column":90}},"62":{"start":{"line":70,"column":33},"end":{"line":70,"column":102}},"63":{"start":{"line":70,"column":72},"end":{"line":70,"column":100}},"64":{"start":{"line":71,"column":12},"end":{"line":78,"column":15}},"65":{"start":{"line":76,"column":49},"end":{"line":76,"column":143}},"66":{"start":{"line":80,"column":26},"end":{"line":80,"column":63}},"67":{"start":{"line":81,"column":32},"end":{"line":81,"column":79}},"68":{"start":{"line":82,"column":31},"end":{"line":82,"column":57}},"69":{"start":{"line":83,"column":36},"end":{"line":83,"column":116}},"70":{"start":{"line":84,"column":12},"end":{"line":84,"column":60}},"71":{"start":{"line":85,"column":31},"end":{"line":85,"column":65}},"72":{"start":{"line":86,"column":30},"end":{"line":86,"column":71}},"73":{"start":{"line":87,"column":31},"end":{"line":87,"column":33}},"74":{"start":{"line":88,"column":34},"end":{"line":90,"column":14}},"75":{"start":{"line":89,"column":16},"end":{"line":89,"column":80}},"76":{"start":{"line":92,"column":12},"end":{"line":92,"column":39}},"77":{"start":{"line":93,"column":12},"end":{"line":93,"column":33}},"78":{"start":{"line":97,"column":0},"end":{"line":97,"column":36}}},"fnMap":{"0":{"name":"(anonymous_0)","decl":{"start":{"line":2,"column":74},"end":{"line":2,"column":75}},"loc":{"start":{"line":2,"column":96},"end":{"line":9,"column":1}},"line":2},"1":{"name":"(anonymous_1)","decl":{"start":{"line":6,"column":38},"end":{"line":6,"column":39}},"loc":{"start":{"line":6,"column":49},"end":{"line":6,"column":65}},"line":6},"2":{"name":"(anonymous_2)","decl":{"start":{"line":9,"column":6},"end":{"line":9,"column":7}},"loc":{"start":{"line":9,"column":28},"end":{"line":12,"column":1}},"line":9},"3":{"name":"(anonymous_3)","decl":{"start":{"line":13,"column":80},"end":{"line":13,"column":81}},"loc":{"start":{"line":13,"column":95},"end":{"line":15,"column":1}},"line":13},"4":{"name":"(anonymous_4)","decl":{"start":{"line":15,"column":5},"end":{"line":15,"column":6}},"loc":{"start":{"line":15,"column":20},"end":{"line":17,"column":1}},"line":15},"5":{"name":"(anonymous_5)","decl":{"start":{"line":18,"column":50},"end":{"line":18,"column":51}},"loc":{"start":{"line":18,"column":65},"end":{"line":24,"column":1}},"line":18},"6":{"name":"(anonymous_6)","decl":{"start":{"line":25,"column":44},"end":{"line":25,"column":45}},"loc":{"start":{"line":25,"column":89},"end":{"line":33,"column":1}},"line":25},"7":{"name":"adopt","decl":{"start":{"line":26,"column":13},"end":{"line":26,"column":18}},"loc":{"start":{"line":26,"column":26},"end":{"line":26,"column":112}},"line":26},"8":{"name":"(anonymous_8)","decl":{"start":{"line":26,"column":70},"end":{"line":26,"column":71}},"loc":{"start":{"line":26,"column":89},"end":{"line":26,"column":108}},"line":26},"9":{"name":"(anonymous_9)","decl":{"start":{"line":27,"column":36},"end":{"line":27,"column":37}},"loc":{"start":{"line":27,"column":63},"end":{"line":32,"column":5}},"line":27},"10":{"name":"fulfilled","decl":{"start":{"line":28,"column":17},"end":{"line":28,"column":26}},"loc":{"start":{"line":28,"column":34},"end":{"line":28,"column":99}},"line":28},"11":{"name":"rejected","decl":{"start":{"line":29,"column":17},"end":{"line":29,"column":25}},"loc":{"start":{"line":29,"column":33},"end":{"line":29,"column":102}},"line":29},"12":{"name":"step","decl":{"start":{"line":30,"column":17},"end":{"line":30,"column":21}},"loc":{"start":{"line":30,"column":30},"end":{"line":30,"column":118}},"line":30},"13":{"name":"(anonymous_13)","decl":{"start":{"line":38,"column":4},"end":{"line":38,"column":5}},"loc":{"start":{"line":38,"column":33},"end":{"line":40,"column":5}},"line":38},"14":{"name":"(anonymous_14)","decl":{"start":{"line":41,"column":4},"end":{"line":41,"column":5}},"loc":{"start":{"line":41,"column":20},"end":{"line":45,"column":5}},"line":41},"15":{"name":"(anonymous_15)","decl":{"start":{"line":42,"column":47},"end":{"line":42,"column":48}},"loc":{"start":{"line":42,"column":60},"end":{"line":44,"column":9}},"line":42},"16":{"name":"(anonymous_16)","decl":{"start":{"line":46,"column":4},"end":{"line":46,"column":5}},"loc":{"start":{"line":46,"column":22},"end":{"line":95,"column":5}},"line":46},"17":{"name":"(anonymous_17)","decl":{"start":{"line":47,"column":47},"end":{"line":47,"column":48}},"loc":{"start":{"line":47,"column":60},"end":{"line":94,"column":9}},"line":47},"18":{"name":"(anonymous_18)","decl":{"start":{"line":51,"column":58},"end":{"line":51,"column":59}},"loc":{"start":{"line":51,"column":68},"end":{"line":51,"column":86}},"line":51},"19":{"name":"(anonymous_19)","decl":{"start":{"line":52,"column":58},"end":{"line":52,"column":59}},"loc":{"start":{"line":52,"column":68},"end":{"line":52,"column":81}},"line":52},"20":{"name":"(anonymous_20)","decl":{"start":{"line":53,"column":57},"end":{"line":53,"column":58}},"loc":{"start":{"line":53,"column":67},"end":{"line":53,"column":76}},"line":53},"21":{"name":"(anonymous_21)","decl":{"start":{"line":54,"column":52},"end":{"line":54,"column":53}},"loc":{"start":{"line":54,"column":61},"end":{"line":59,"column":13}},"line":54},"22":{"name":"(anonymous_22)","decl":{"start":{"line":69,"column":62},"end":{"line":69,"column":63}},"loc":{"start":{"line":69,"column":70},"end":{"line":69,"column":90}},"line":69},"23":{"name":"(anonymous_23)","decl":{"start":{"line":70,"column":64},"end":{"line":70,"column":65}},"loc":{"start":{"line":70,"column":72},"end":{"line":70,"column":100}},"line":70},"24":{"name":"(anonymous_24)","decl":{"start":{"line":76,"column":32},"end":{"line":76,"column":33}},"loc":{"start":{"line":76,"column":49},"end":{"line":76,"column":143}},"line":76},"25":{"name":"(anonymous_25)","decl":{"start":{"line":88,"column":51},"end":{"line":88,"column":52}},"loc":{"start":{"line":88,"column":62},"end":{"line":90,"column":13}},"line":88}},"branchMap":{"0":{"loc":{"start":{"line":2,"column":22},"end":{"line":12,"column":3}},"type":"binary-expr","locations":[{"start":{"line":2,"column":23},"end":{"line":2,"column":27}},{"start":{"line":2,"column":31},"end":{"line":2,"column":51}},{"start":{"line":2,"column":57},"end":{"line":12,"column":2}}],"line":2},"1":{"loc":{"start":{"line":2,"column":57},"end":{"line":12,"column":2}},"type":"cond-expr","locations":[{"start":{"line":2,"column":74},"end":{"line":9,"column":1}},{"start":{"line":9,"column":6},"end":{"line":12,"column":1}}],"line":2},"2":{"loc":{"start":{"line":3,"column":4},"end":{"line":3,"column":33}},"type":"if","locations":[{"start":{"line":3,"column":4},"end":{"line":3,"column":33}},{"start":{},"end":{}}],"line":3},"3":{"loc":{"start":{"line":5,"column":4},"end":{"line":7,"column":5}},"type":"if","locations":[{"start":{"line":5,"column":4},"end":{"line":7,"column":5}},{"start":{},"end":{}}],"line":5},"4":{"loc":{"start":{"line":5,"column":8},"end":{"line":5,"column":85}},"type":"binary-expr","locations":[{"start":{"line":5,"column":8},"end":{"line":5,"column":13}},{"start":{"line":5,"column":18},"end":{"line":5,"column":84}}],"line":5},"5":{"loc":{"start":{"line":5,"column":18},"end":{"line":5,"column":84}},"type":"cond-expr","locations":[{"start":{"line":5,"column":34},"end":{"line":5,"column":47}},{"start":{"line":5,"column":50},"end":{"line":5,"column":84}}],"line":5},"6":{"loc":{"start":{"line":5,"column":50},"end":{"line":5,"column":84}},"type":"binary-expr","locations":[{"start":{"line":5,"column":50},"end":{"line":5,"column":63}},{"start":{"line":5,"column":67},"end":{"line":5,"column":84}}],"line":5},"7":{"loc":{"start":{"line":10,"column":4},"end":{"line":10,"column":33}},"type":"if","locations":[{"start":{"line":10,"column":4},"end":{"line":10,"column":33}},{"start":{},"end":{}}],"line":10},"8":{"loc":{"start":{"line":13,"column":25},"end":{"line":17,"column":2}},"type":"binary-expr","locations":[{"start":{"line":13,"column":26},"end":{"line":13,"column":30}},{"start":{"line":13,"column":34},"end":{"line":13,"column":57}},{"start":{"line":13,"column":63},"end":{"line":17,"column":1}}],"line":13},"9":{"loc":{"start":{"line":13,"column":63},"end":{"line":17,"column":1}},"type":"cond-expr","locations":[{"start":{"line":13,"column":80},"end":{"line":15,"column":1}},{"start":{"line":15,"column":5},"end":{"line":17,"column":1}}],"line":13},"10":{"loc":{"start":{"line":18,"column":19},"end":{"line":24,"column":1}},"type":"binary-expr","locations":[{"start":{"line":18,"column":20},"end":{"line":18,"column":24}},{"start":{"line":18,"column":28},"end":{"line":18,"column":45}},{"start":{"line":18,"column":50},"end":{"line":24,"column":1}}],"line":18},"11":{"loc":{"start":{"line":19,"column":4},"end":{"line":19,"column":42}},"type":"if","locations":[{"start":{"line":19,"column":4},"end":{"line":19,"column":42}},{"start":{},"end":{}}],"line":19},"12":{"loc":{"start":{"line":19,"column":8},"end":{"line":19,"column":29}},"type":"binary-expr","locations":[{"start":{"line":19,"column":8},"end":{"line":19,"column":11}},{"start":{"line":19,"column":15},"end":{"line":19,"column":29}}],"line":19},"13":{"loc":{"start":{"line":21,"column":4},"end":{"line":21,"column":141}},"type":"if","locations":[{"start":{"line":21,"column":4},"end":{"line":21,"column":141}},{"start":{},"end":{}}],"line":21},"14":{"loc":{"start":{"line":21,"column":40},"end":{"line":21,"column":141}},"type":"if","locations":[{"start":{"line":21,"column":40},"end":{"line":21,"column":141}},{"start":{},"end":{}}],"line":21},"15":{"loc":{"start":{"line":21,"column":44},"end":{"line":21,"column":107}},"type":"binary-expr","locations":[{"start":{"line":21,"column":44},"end":{"line":21,"column":59}},{"start":{"line":21,"column":63},"end":{"line":21,"column":107}}],"line":21},"16":{"loc":{"start":{"line":25,"column":16},"end":{"line":33,"column":1}},"type":"binary-expr","locations":[{"start":{"line":25,"column":17},"end":{"line":25,"column":21}},{"start":{"line":25,"column":25},"end":{"line":25,"column":39}},{"start":{"line":25,"column":44},"end":{"line":33,"column":1}}],"line":25},"17":{"loc":{"start":{"line":26,"column":35},"end":{"line":26,"column":109}},"type":"cond-expr","locations":[{"start":{"line":26,"column":56},"end":{"line":26,"column":61}},{"start":{"line":26,"column":64},"end":{"line":26,"column":109}}],"line":26},"18":{"loc":{"start":{"line":27,"column":16},"end":{"line":27,"column":34}},"type":"binary-expr","locations":[{"start":{"line":27,"column":16},"end":{"line":27,"column":17}},{"start":{"line":27,"column":22},"end":{"line":27,"column":33}}],"line":27},"19":{"loc":{"start":{"line":30,"column":32},"end":{"line":30,"column":115}},"type":"cond-expr","locations":[{"start":{"line":30,"column":46},"end":{"line":30,"column":67}},{"start":{"line":30,"column":70},"end":{"line":30,"column":115}}],"line":30},"20":{"loc":{"start":{"line":31,"column":51},"end":{"line":31,"column":67}},"type":"binary-expr","locations":[{"start":{"line":31,"column":51},"end":{"line":31,"column":61}},{"start":{"line":31,"column":65},"end":{"line":31,"column":67}}],"line":31},"21":{"loc":{"start":{"line":76,"column":87},"end":{"line":76,"column":140}},"type":"cond-expr","locations":[{"start":{"line":76,"column":122},"end":{"line":76,"column":128}},{"start":{"line":76,"column":131},"end":{"line":76,"column":140}}],"line":76},"22":{"loc":{"start":{"line":76,"column":87},"end":{"line":76,"column":119}},"type":"binary-expr","locations":[{"start":{"line":76,"column":87},"end":{"line":76,"column":100}},{"start":{"line":76,"column":104},"end":{"line":76,"column":119}}],"line":76},"23":{"loc":{"start":{"line":83,"column":36},"end":{"line":83,"column":116}},"type":"cond-expr","locations":[{"start":{"line":83,"column":66},"end":{"line":83,"column":91}},{"start":{"line":83,"column":94},"end":{"line":83,"column":116}}],"line":83}},"s":{"0":1,"1":512,"2":512,"3":512,"4":512,"5":512,"6":0,"7":512,"8":0,"9":0,"10":0,"11":1,"12":1,"13":0,"14":1,"15":1,"16":0,"17":1,"18":1,"19":1,"20":512,"21":512,"22":1,"23":1,"24":1,"25":0,"26":0,"27":1,"28":0,"29":0,"30":0,"31":0,"32":0,"33":0,"34":1,"35":1,"36":1,"37":1,"38":1,"39":2,"40":1,"41":1,"42":0,"43":0,"44":0,"45":0,"46":0,"47":0,"48":0,"49":0,"50":0,"51":0,"52":0,"53":0,"54":0,"55":0,"56":0,"57":0,"58":0,"59":0,"60":0,"61":0,"62":0,"63":0,"64":0,"65":0,"66":0,"67":0,"68":0,"69":0,"70":0,"71":0,"72":0,"73":0,"74":0,"75":0,"76":0,"77":0,"78":1},"f":{"0":512,"1":0,"2":0,"3":1,"4":0,"5":1,"6":1,"7":0,"8":0,"9":1,"10":0,"11":0,"12":1,"13":2,"14":1,"15":1,"16":0,"17":0,"18":0,"19":0,"20":0,"21":0,"22":0,"23":0,"24":0,"25":0},"b":{"0":[1,1,1],"1":[1,0],"2":[512,0],"3":[512,0],"4":[512,512],"5":[510,2],"6":[2,0],"7":[0,0],"8":[1,1,1],"9":[1,0],"10":[1,1,1],"11":[0,1],"12":[1,1],"13":[1,0],"14":[512,0],"15":[512,512],"16":[1,1,1],"17":[0,0],"18":[1,1],"19":[1,0],"20":[1,1],"21":[0,0],"22":[0,0],"23":[0,0]},"_coverageSchema":"1a1c01bbd47fc00a2c39e90264f33305004495a9","hash":"23810085def9a70ff91450d2af7c94706343f13d"}
,"D:\\REPO BACK\\B2\\BACKEND\\src\\application\\services\\ReportService.js": {"path":"D:\\REPO BACK\\B2\\BACKEND\\src\\application\\services\\ReportService.js","statementMap":{"0":{"start":{"line":2,"column":16},"end":{"line":10,"column":1}},"1":{"start":{"line":3,"column":28},"end":{"line":3,"column":110}},"2":{"start":{"line":3,"column":91},"end":{"line":3,"column":106}},"3":{"start":{"line":4,"column":4},"end":{"line":9,"column":7}},"4":{"start":{"line":5,"column":36},"end":{"line":5,"column":97}},"5":{"start":{"line":5,"column":42},"end":{"line":5,"column":70}},"6":{"start":{"line":5,"column":85},"end":{"line":5,"column":95}},"7":{"start":{"line":6,"column":35},"end":{"line":6,"column":100}},"8":{"start":{"line":6,"column":41},"end":{"line":6,"column":73}},"9":{"start":{"line":6,"column":88},"end":{"line":6,"column":98}},"10":{"start":{"line":7,"column":32},"end":{"line":7,"column":116}},"11":{"start":{"line":8,"column":8},"end":{"line":8,"column":78}},"12":{"start":{"line":11,"column":0},"end":{"line":11,"column":62}},"13":{"start":{"line":12,"column":0},"end":{"line":12,"column":31}},"14":{"start":{"line":13,"column":25},"end":{"line":13,"column":48}},"15":{"start":{"line":14,"column":20},"end":{"line":14,"column":37}},"16":{"start":{"line":15,"column":11},"end":{"line":15,"column":24}},"17":{"start":{"line":18,"column":8},"end":{"line":18,"column":49}},"18":{"start":{"line":21,"column":8},"end":{"line":23,"column":11}},"19":{"start":{"line":22,"column":12},"end":{"line":22,"column":53}},"20":{"start":{"line":26,"column":8},"end":{"line":28,"column":11}},"21":{"start":{"line":27,"column":12},"end":{"line":27,"column":51}},"22":{"start":{"line":31,"column":8},"end":{"line":33,"column":11}},"23":{"start":{"line":32,"column":12},"end":{"line":32,"column":58}},"24":{"start":{"line":36,"column":8},"end":{"line":38,"column":11}},"25":{"start":{"line":37,"column":12},"end":{"line":37,"column":61}},"26":{"start":{"line":41,"column":8},"end":{"line":43,"column":11}},"27":{"start":{"line":42,"column":12},"end":{"line":42,"column":59}},"28":{"start":{"line":46,"column":8},"end":{"line":48,"column":11}},"29":{"start":{"line":47,"column":12},"end":{"line":47,"column":60}},"30":{"start":{"line":51,"column":8},"end":{"line":53,"column":11}},"31":{"start":{"line":52,"column":12},"end":{"line":52,"column":64}},"32":{"start":{"line":56,"column":8},"end":{"line":110,"column":11}},"33":{"start":{"line":57,"column":28},"end":{"line":57,"column":61}},"34":{"start":{"line":58,"column":12},"end":{"line":109,"column":13}},"35":{"start":{"line":59,"column":16},"end":{"line":61,"column":17}},"36":{"start":{"line":60,"column":20},"end":{"line":60,"column":93}},"37":{"start":{"line":62,"column":28},"end":{"line":62,"column":50}},"38":{"start":{"line":63,"column":30},"end":{"line":63,"column":40}},"39":{"start":{"line":64,"column":40},"end":{"line":64,"column":66}},"40":{"start":{"line":65,"column":39},"end":{"line":65,"column":77}},"41":{"start":{"line":66,"column":16},"end":{"line":66,"column":70}},"42":{"start":{"line":68,"column":16},"end":{"line":70,"column":19}},"43":{"start":{"line":71,"column":30},"end":{"line":83,"column":17}},"44":{"start":{"line":73,"column":75},"end":{"line":82,"column":22}},"45":{"start":{"line":74,"column":24},"end":{"line":81,"column":26}},"46":{"start":{"line":84,"column":37},"end":{"line":98,"column":17}},"47":{"start":{"line":99,"column":16},"end":{"line":99,"column":47}},"48":{"start":{"line":100,"column":16},"end":{"line":100,"column":32}},"49":{"start":{"line":101,"column":16},"end":{"line":101,"column":35}},"50":{"start":{"line":102,"column":16},"end":{"line":102,"column":26}},"51":{"start":{"line":103,"column":16},"end":{"line":103,"column":65}},"52":{"start":{"line":104,"column":16},"end":{"line":104,"column":89}},"53":{"start":{"line":105,"column":16},"end":{"line":105,"column":30}},"54":{"start":{"line":108,"column":16},"end":{"line":108,"column":50}},"55":{"start":{"line":113,"column":8},"end":{"line":135,"column":11}},"56":{"start":{"line":114,"column":26},"end":{"line":119,"column":13}},"57":{"start":{"line":116,"column":67},"end":{"line":118,"column":18}},"58":{"start":{"line":117,"column":20},"end":{"line":117,"column":83}},"59":{"start":{"line":120,"column":33},"end":{"line":133,"column":13}},"60":{"start":{"line":134,"column":12},"end":{"line":134,"column":25}},"61":{"start":{"line":138,"column":8},"end":{"line":182,"column":11}},"62":{"start":{"line":139,"column":25},"end":{"line":139,"column":68}},"63":{"start":{"line":140,"column":25},"end":{"line":140,"column":64}},"64":{"start":{"line":141,"column":24},"end":{"line":141,"column":62}},"65":{"start":{"line":142,"column":24},"end":{"line":142,"column":62}},"66":{"start":{"line":143,"column":28},"end":{"line":143,"column":62}},"67":{"start":{"line":144,"column":12},"end":{"line":181,"column":13}},"68":{"start":{"line":145,"column":16},"end":{"line":147,"column":17}},"69":{"start":{"line":146,"column":20},"end":{"line":146,"column":93}},"70":{"start":{"line":148,"column":28},"end":{"line":148,"column":50}},"71":{"start":{"line":149,"column":30},"end":{"line":149,"column":40}},"72":{"start":{"line":150,"column":16},"end":{"line":150,"column":70}},"73":{"start":{"line":152,"column":16},"end":{"line":154,"column":19}},"74":{"start":{"line":155,"column":16},"end":{"line":155,"column":34}},"75":{"start":{"line":156,"column":16},"end":{"line":156,"column":104}},"76":{"start":{"line":157,"column":16},"end":{"line":157,"column":34}},"77":{"start":{"line":158,"column":16},"end":{"line":158,"column":102}},"78":{"start":{"line":159,"column":16},"end":{"line":159,"column":139}},"79":{"start":{"line":160,"column":16},"end":{"line":160,"column":67}},"80":{"start":{"line":161,"column":16},"end":{"line":161,"column":93}},"81":{"start":{"line":162,"column":16},"end":{"line":162,"column":89}},"82":{"start":{"line":163,"column":16},"end":{"line":163,"column":92}},"83":{"start":{"line":164,"column":16},"end":{"line":164,"column":86}},"84":{"start":{"line":165,"column":16},"end":{"line":165,"column":91}},"85":{"start":{"line":166,"column":16},"end":{"line":166,"column":88}},"86":{"start":{"line":167,"column":16},"end":{"line":167,"column":108}},"87":{"start":{"line":168,"column":16},"end":{"line":168,"column":32}},"88":{"start":{"line":169,"column":32},"end":{"line":169,"column":79}},"89":{"start":{"line":170,"column":28},"end":{"line":170,"column":72}},"90":{"start":{"line":171,"column":31},"end":{"line":171,"column":69}},"91":{"start":{"line":172,"column":16},"end":{"line":172,"column":34}},"92":{"start":{"line":173,"column":16},"end":{"line":173,"column":35}},"93":{"start":{"line":174,"column":16},"end":{"line":174,"column":26}},"94":{"start":{"line":175,"column":16},"end":{"line":175,"column":65}},"95":{"start":{"line":176,"column":16},"end":{"line":176,"column":89}},"96":{"start":{"line":177,"column":16},"end":{"line":177,"column":30}},"97":{"start":{"line":180,"column":16},"end":{"line":180,"column":50}},"98":{"start":{"line":185,"column":0},"end":{"line":185,"column":38}}},"fnMap":{"0":{"name":"(anonymous_0)","decl":{"start":{"line":2,"column":44},"end":{"line":2,"column":45}},"loc":{"start":{"line":2,"column":89},"end":{"line":10,"column":1}},"line":2},"1":{"name":"adopt","decl":{"start":{"line":3,"column":13},"end":{"line":3,"column":18}},"loc":{"start":{"line":3,"column":26},"end":{"line":3,"column":112}},"line":3},"2":{"name":"(anonymous_2)","decl":{"start":{"line":3,"column":70},"end":{"line":3,"column":71}},"loc":{"start":{"line":3,"column":89},"end":{"line":3,"column":108}},"line":3},"3":{"name":"(anonymous_3)","decl":{"start":{"line":4,"column":36},"end":{"line":4,"column":37}},"loc":{"start":{"line":4,"column":63},"end":{"line":9,"column":5}},"line":4},"4":{"name":"fulfilled","decl":{"start":{"line":5,"column":17},"end":{"line":5,"column":26}},"loc":{"start":{"line":5,"column":34},"end":{"line":5,"column":99}},"line":5},"5":{"name":"rejected","decl":{"start":{"line":6,"column":17},"end":{"line":6,"column":25}},"loc":{"start":{"line":6,"column":33},"end":{"line":6,"column":102}},"line":6},"6":{"name":"step","decl":{"start":{"line":7,"column":17},"end":{"line":7,"column":21}},"loc":{"start":{"line":7,"column":30},"end":{"line":7,"column":118}},"line":7},"7":{"name":"(anonymous_7)","decl":{"start":{"line":17,"column":4},"end":{"line":17,"column":5}},"loc":{"start":{"line":17,"column":34},"end":{"line":19,"column":5}},"line":17},"8":{"name":"(anonymous_8)","decl":{"start":{"line":20,"column":4},"end":{"line":20,"column":5}},"loc":{"start":{"line":20,"column":22},"end":{"line":24,"column":5}},"line":20},"9":{"name":"(anonymous_9)","decl":{"start":{"line":21,"column":47},"end":{"line":21,"column":48}},"loc":{"start":{"line":21,"column":60},"end":{"line":23,"column":9}},"line":21},"10":{"name":"(anonymous_10)","decl":{"start":{"line":25,"column":4},"end":{"line":25,"column":5}},"loc":{"start":{"line":25,"column":17},"end":{"line":29,"column":5}},"line":25},"11":{"name":"(anonymous_11)","decl":{"start":{"line":26,"column":47},"end":{"line":26,"column":48}},"loc":{"start":{"line":26,"column":60},"end":{"line":28,"column":9}},"line":26},"12":{"name":"(anonymous_12)","decl":{"start":{"line":30,"column":4},"end":{"line":30,"column":5}},"loc":{"start":{"line":30,"column":21},"end":{"line":34,"column":5}},"line":30},"13":{"name":"(anonymous_13)","decl":{"start":{"line":31,"column":47},"end":{"line":31,"column":48}},"loc":{"start":{"line":31,"column":60},"end":{"line":33,"column":9}},"line":31},"14":{"name":"(anonymous_14)","decl":{"start":{"line":35,"column":4},"end":{"line":35,"column":5}},"loc":{"start":{"line":35,"column":24},"end":{"line":39,"column":5}},"line":35},"15":{"name":"(anonymous_15)","decl":{"start":{"line":36,"column":47},"end":{"line":36,"column":48}},"loc":{"start":{"line":36,"column":60},"end":{"line":38,"column":9}},"line":36},"16":{"name":"(anonymous_16)","decl":{"start":{"line":40,"column":4},"end":{"line":40,"column":5}},"loc":{"start":{"line":40,"column":22},"end":{"line":44,"column":5}},"line":40},"17":{"name":"(anonymous_17)","decl":{"start":{"line":41,"column":47},"end":{"line":41,"column":48}},"loc":{"start":{"line":41,"column":60},"end":{"line":43,"column":9}},"line":41},"18":{"name":"(anonymous_18)","decl":{"start":{"line":45,"column":4},"end":{"line":45,"column":5}},"loc":{"start":{"line":45,"column":23},"end":{"line":49,"column":5}},"line":45},"19":{"name":"(anonymous_19)","decl":{"start":{"line":46,"column":47},"end":{"line":46,"column":48}},"loc":{"start":{"line":46,"column":60},"end":{"line":48,"column":9}},"line":46},"20":{"name":"(anonymous_20)","decl":{"start":{"line":50,"column":4},"end":{"line":50,"column":5}},"loc":{"start":{"line":50,"column":27},"end":{"line":54,"column":5}},"line":50},"21":{"name":"(anonymous_21)","decl":{"start":{"line":51,"column":47},"end":{"line":51,"column":48}},"loc":{"start":{"line":51,"column":60},"end":{"line":53,"column":9}},"line":51},"22":{"name":"(anonymous_22)","decl":{"start":{"line":55,"column":4},"end":{"line":55,"column":5}},"loc":{"start":{"line":55,"column":30},"end":{"line":111,"column":5}},"line":55},"23":{"name":"(anonymous_23)","decl":{"start":{"line":56,"column":47},"end":{"line":56,"column":48}},"loc":{"start":{"line":56,"column":60},"end":{"line":110,"column":9}},"line":56},"24":{"name":"(anonymous_24)","decl":{"start":{"line":73,"column":56},"end":{"line":73,"column":57}},"loc":{"start":{"line":73,"column":75},"end":{"line":82,"column":22}},"line":73},"25":{"name":"(anonymous_25)","decl":{"start":{"line":73,"column":107},"end":{"line":73,"column":108}},"loc":{"start":{"line":73,"column":120},"end":{"line":82,"column":21}},"line":73},"26":{"name":"(anonymous_26)","decl":{"start":{"line":112,"column":4},"end":{"line":112,"column":5}},"loc":{"start":{"line":112,"column":32},"end":{"line":136,"column":5}},"line":112},"27":{"name":"(anonymous_27)","decl":{"start":{"line":113,"column":47},"end":{"line":113,"column":48}},"loc":{"start":{"line":113,"column":60},"end":{"line":135,"column":9}},"line":113},"28":{"name":"(anonymous_28)","decl":{"start":{"line":116,"column":48},"end":{"line":116,"column":49}},"loc":{"start":{"line":116,"column":67},"end":{"line":118,"column":18}},"line":116},"29":{"name":"(anonymous_29)","decl":{"start":{"line":116,"column":99},"end":{"line":116,"column":100}},"loc":{"start":{"line":116,"column":112},"end":{"line":118,"column":17}},"line":116},"30":{"name":"(anonymous_30)","decl":{"start":{"line":137,"column":4},"end":{"line":137,"column":5}},"loc":{"start":{"line":137,"column":31},"end":{"line":183,"column":5}},"line":137},"31":{"name":"(anonymous_31)","decl":{"start":{"line":138,"column":47},"end":{"line":138,"column":48}},"loc":{"start":{"line":138,"column":60},"end":{"line":182,"column":9}},"line":138}},"branchMap":{"0":{"loc":{"start":{"line":2,"column":16},"end":{"line":10,"column":1}},"type":"binary-expr","locations":[{"start":{"line":2,"column":17},"end":{"line":2,"column":21}},{"start":{"line":2,"column":25},"end":{"line":2,"column":39}},{"start":{"line":2,"column":44},"end":{"line":10,"column":1}}],"line":2},"1":{"loc":{"start":{"line":3,"column":35},"end":{"line":3,"column":109}},"type":"cond-expr","locations":[{"start":{"line":3,"column":56},"end":{"line":3,"column":61}},{"start":{"line":3,"column":64},"end":{"line":3,"column":109}}],"line":3},"2":{"loc":{"start":{"line":4,"column":16},"end":{"line":4,"column":34}},"type":"binary-expr","locations":[{"start":{"line":4,"column":16},"end":{"line":4,"column":17}},{"start":{"line":4,"column":22},"end":{"line":4,"column":33}}],"line":4},"3":{"loc":{"start":{"line":7,"column":32},"end":{"line":7,"column":115}},"type":"cond-expr","locations":[{"start":{"line":7,"column":46},"end":{"line":7,"column":67}},{"start":{"line":7,"column":70},"end":{"line":7,"column":115}}],"line":7},"4":{"loc":{"start":{"line":8,"column":51},"end":{"line":8,"column":67}},"type":"binary-expr","locations":[{"start":{"line":8,"column":51},"end":{"line":8,"column":61}},{"start":{"line":8,"column":65},"end":{"line":8,"column":67}}],"line":8},"5":{"loc":{"start":{"line":59,"column":16},"end":{"line":61,"column":17}},"type":"if","locations":[{"start":{"line":59,"column":16},"end":{"line":61,"column":17}},{"start":{},"end":{}}],"line":59},"6":{"loc":{"start":{"line":76,"column":28},"end":{"line":76,"column":87}},"type":"cond-expr","locations":[{"start":{"line":76,"column":43},"end":{"line":76,"column":82}},{"start":{"line":76,"column":85},"end":{"line":76,"column":87}}],"line":76},"7":{"loc":{"start":{"line":77,"column":28},"end":{"line":77,"column":75}},"type":"cond-expr","locations":[{"start":{"line":77,"column":45},"end":{"line":77,"column":70}},{"start":{"line":77,"column":73},"end":{"line":77,"column":75}}],"line":77},"8":{"loc":{"start":{"line":78,"column":28},"end":{"line":78,"column":95}},"type":"cond-expr","locations":[{"start":{"line":78,"column":55},"end":{"line":78,"column":90}},{"start":{"line":78,"column":93},"end":{"line":78,"column":95}}],"line":78},"9":{"loc":{"start":{"line":79,"column":28},"end":{"line":79,"column":88}},"type":"cond-expr","locations":[{"start":{"line":79,"column":51},"end":{"line":79,"column":82}},{"start":{"line":79,"column":85},"end":{"line":79,"column":88}}],"line":79},"10":{"loc":{"start":{"line":80,"column":28},"end":{"line":80,"column":70}},"type":"cond-expr","locations":[{"start":{"line":80,"column":42},"end":{"line":80,"column":64}},{"start":{"line":80,"column":67},"end":{"line":80,"column":70}}],"line":80},"11":{"loc":{"start":{"line":145,"column":16},"end":{"line":147,"column":17}},"type":"if","locations":[{"start":{"line":145,"column":16},"end":{"line":147,"column":17}},{"start":{},"end":{}}],"line":145},"12":{"loc":{"start":{"line":145,"column":20},"end":{"line":145,"column":37}},"type":"binary-expr","locations":[{"start":{"line":145,"column":20},"end":{"line":145,"column":28}},{"start":{"line":145,"column":32},"end":{"line":145,"column":37}}],"line":145}},"s":{"0":1,"1":0,"2":0,"3":4,"4":0,"5":0,"6":0,"7":0,"8":0,"9":0,"10":4,"11":4,"12":1,"13":1,"14":1,"15":1,"16":1,"17":1,"18":1,"19":1,"20":1,"21":1,"22":1,"23":1,"24":1,"25":1,"26":0,"27":0,"28":0,"29":0,"30":0,"31":0,"32":0,"33":0,"34":0,"35":0,"36":0,"37":0,"38":0,"39":0,"40":0,"41":0,"42":0,"43":0,"44":0,"45":0,"46":0,"47":0,"48":0,"49":0,"50":0,"51":0,"52":0,"53":0,"54":0,"55":0,"56":0,"57":0,"58":0,"59":0,"60":0,"61":0,"62":0,"63":0,"64":0,"65":0,"66":0,"67":0,"68":0,"69":0,"70":0,"71":0,"72":0,"73":0,"74":0,"75":0,"76":0,"77":0,"78":0,"79":0,"80":0,"81":0,"82":0,"83":0,"84":0,"85":0,"86":0,"87":0,"88":0,"89":0,"90":0,"91":0,"92":0,"93":0,"94":0,"95":0,"96":0,"97":0,"98":1},"f":{"0":4,"1":0,"2":0,"3":4,"4":0,"5":0,"6":4,"7":1,"8":1,"9":1,"10":1,"11":1,"12":1,"13":1,"14":1,"15":1,"16":0,"17":0,"18":0,"19":0,"20":0,"21":0,"22":0,"23":0,"24":0,"25":0,"26":0,"27":0,"28":0,"29":0,"30":0,"31":0},"b":{"0":[1,1,1],"1":[0,0],"2":[4,4],"3":[4,0],"4":[4,4],"5":[0,0],"6":[0,0],"7":[0,0],"8":[0,0],"9":[0,0],"10":[0,0],"11":[0,0],"12":[0,0]},"_coverageSchema":"1a1c01bbd47fc00a2c39e90264f33305004495a9","hash":"00ca483590bab815f4f14d8bcf16d29ea6e9c7d9"}
,"D:\\REPO BACK\\B2\\BACKEND\\src\\application\\services\\UserService.js": {"path":"D:\\REPO BACK\\B2\\BACKEND\\src\\application\\services\\UserService.js","statementMap":{"0":{"start":{"line":2,"column":22},"end":{"line":12,"column":3}},"1":{"start":{"line":3,"column":4},"end":{"line":3,"column":33}},"2":{"start":{"line":3,"column":26},"end":{"line":3,"column":33}},"3":{"start":{"line":4,"column":15},"end":{"line":4,"column":52}},"4":{"start":{"line":5,"column":4},"end":{"line":7,"column":5}},"5":{"start":{"line":6,"column":6},"end":{"line":6,"column":68}},"6":{"start":{"line":6,"column":51},"end":{"line":6,"column":63}},"7":{"start":{"line":8,"column":4},"end":{"line":8,"column":39}},"8":{"start":{"line":10,"column":4},"end":{"line":10,"column":33}},"9":{"start":{"line":10,"column":26},"end":{"line":10,"column":33}},"10":{"start":{"line":11,"column":4},"end":{"line":11,"column":17}},"11":{"start":{"line":13,"column":25},"end":{"line":17,"column":2}},"12":{"start":{"line":14,"column":4},"end":{"line":14,"column":72}},"13":{"start":{"line":16,"column":4},"end":{"line":16,"column":21}},"14":{"start":{"line":18,"column":19},"end":{"line":24,"column":1}},"15":{"start":{"line":19,"column":4},"end":{"line":19,"column":42}},"16":{"start":{"line":19,"column":31},"end":{"line":19,"column":42}},"17":{"start":{"line":20,"column":17},"end":{"line":20,"column":19}},"18":{"start":{"line":21,"column":4},"end":{"line":21,"column":141}},"19":{"start":{"line":21,"column":21},"end":{"line":21,"column":141}},"20":{"start":{"line":21,"column":40},"end":{"line":21,"column":141}},"21":{"start":{"line":21,"column":109},"end":{"line":21,"column":141}},"22":{"start":{"line":22,"column":4},"end":{"line":22,"column":36}},"23":{"start":{"line":23,"column":4},"end":{"line":23,"column":18}},"24":{"start":{"line":25,"column":16},"end":{"line":33,"column":1}},"25":{"start":{"line":26,"column":28},"end":{"line":26,"column":110}},"26":{"start":{"line":26,"column":91},"end":{"line":26,"column":106}},"27":{"start":{"line":27,"column":4},"end":{"line":32,"column":7}},"28":{"start":{"line":28,"column":36},"end":{"line":28,"column":97}},"29":{"start":{"line":28,"column":42},"end":{"line":28,"column":70}},"30":{"start":{"line":28,"column":85},"end":{"line":28,"column":95}},"31":{"start":{"line":29,"column":35},"end":{"line":29,"column":100}},"32":{"start":{"line":29,"column":41},"end":{"line":29,"column":73}},"33":{"start":{"line":29,"column":88},"end":{"line":29,"column":98}},"34":{"start":{"line":30,"column":32},"end":{"line":30,"column":116}},"35":{"start":{"line":31,"column":8},"end":{"line":31,"column":78}},"36":{"start":{"line":34,"column":0},"end":{"line":34,"column":62}},"37":{"start":{"line":35,"column":0},"end":{"line":35,"column":29}},"38":{"start":{"line":36,"column":15},"end":{"line":36,"column":48}},"39":{"start":{"line":37,"column":11},"end":{"line":37,"column":52}},"40":{"start":{"line":38,"column":19},"end":{"line":38,"column":40}},"41":{"start":{"line":41,"column":8},"end":{"line":41,"column":45}},"42":{"start":{"line":44,"column":8},"end":{"line":87,"column":11}},"43":{"start":{"line":45,"column":31},"end":{"line":45,"column":75}},"44":{"start":{"line":46,"column":33},"end":{"line":46,"column":53}},"45":{"start":{"line":47,"column":31},"end":{"line":47,"column":48}},"46":{"start":{"line":48,"column":12},"end":{"line":48,"column":38}},"47":{"start":{"line":49,"column":12},"end":{"line":49,"column":36}},"48":{"start":{"line":50,"column":23},"end":{"line":50,"column":79}},"49":{"start":{"line":50,"column":58},"end":{"line":50,"column":78}},"50":{"start":{"line":51,"column":35},"end":{"line":51,"column":37}},"51":{"start":{"line":52,"column":12},"end":{"line":56,"column":15}},"52":{"start":{"line":53,"column":29},"end":{"line":53,"column":49}},"53":{"start":{"line":54,"column":38},"end":{"line":54,"column":305}},"54":{"start":{"line":55,"column":16},"end":{"line":55,"column":51}},"55":{"start":{"line":57,"column":12},"end":{"line":57,"column":40}},"56":{"start":{"line":59,"column":28},"end":{"line":59,"column":37}},"57":{"start":{"line":60,"column":37},"end":{"line":60,"column":40}},"58":{"start":{"line":61,"column":36},"end":{"line":61,"column":74}},"59":{"start":{"line":62,"column":30},"end":{"line":62,"column":71}},"60":{"start":{"line":63,"column":29},"end":{"line":63,"column":67}},"61":{"start":{"line":64,"column":35},"end":{"line":64,"column":72}},"62":{"start":{"line":66,"column":26},"end":{"line":66,"column":41}},"63":{"start":{"line":67,"column":12},"end":{"line":70,"column":16}},"64":{"start":{"line":72,"column":12},"end":{"line":75,"column":15}},"65":{"start":{"line":77,"column":28},"end":{"line":77,"column":83}},"66":{"start":{"line":78,"column":12},"end":{"line":78,"column":34}},"67":{"start":{"line":80,"column":32},"end":{"line":80,"column":61}},"68":{"start":{"line":81,"column":12},"end":{"line":81,"column":37}},"69":{"start":{"line":83,"column":37},"end":{"line":83,"column":60}},"70":{"start":{"line":85,"column":12},"end":{"line":85,"column":42}},"71":{"start":{"line":86,"column":12},"end":{"line":86,"column":36}},"72":{"start":{"line":90,"column":8},"end":{"line":92,"column":11}},"73":{"start":{"line":91,"column":12},"end":{"line":91,"column":57}},"74":{"start":{"line":95,"column":8},"end":{"line":97,"column":11}},"75":{"start":{"line":96,"column":12},"end":{"line":96,"column":60}},"76":{"start":{"line":100,"column":8},"end":{"line":102,"column":11}},"77":{"start":{"line":101,"column":12},"end":{"line":101,"column":57}},"78":{"start":{"line":105,"column":8},"end":{"line":107,"column":11}},"79":{"start":{"line":106,"column":12},"end":{"line":106,"column":52}},"80":{"start":{"line":110,"column":8},"end":{"line":112,"column":11}},"81":{"start":{"line":111,"column":12},"end":{"line":111,"column":53}},"82":{"start":{"line":115,"column":8},"end":{"line":117,"column":11}},"83":{"start":{"line":116,"column":12},"end":{"line":116,"column":52}},"84":{"start":{"line":120,"column":8},"end":{"line":135,"column":11}},"85":{"start":{"line":121,"column":25},"end":{"line":121,"column":61}},"86":{"start":{"line":122,"column":30},"end":{"line":122,"column":40}},"87":{"start":{"line":123,"column":12},"end":{"line":134,"column":13}},"88":{"start":{"line":124,"column":30},"end":{"line":124,"column":80}},"89":{"start":{"line":125,"column":16},"end":{"line":127,"column":17}},"90":{"start":{"line":126,"column":20},"end":{"line":126,"column":51}},"91":{"start":{"line":129,"column":30},"end":{"line":129,"column":66}},"92":{"start":{"line":130,"column":16},"end":{"line":130,"column":29}},"93":{"start":{"line":133,"column":16},"end":{"line":133,"column":47}},"94":{"start":{"line":138,"column":8},"end":{"line":142,"column":11}},"95":{"start":{"line":139,"column":27},"end":{"line":139,"column":62}},"96":{"start":{"line":140,"column":30},"end":{"line":140,"column":42}},"97":{"start":{"line":141,"column":12},"end":{"line":141,"column":29}},"98":{"start":{"line":145,"column":8},"end":{"line":148,"column":11}},"99":{"start":{"line":146,"column":27},"end":{"line":146,"column":73}},"100":{"start":{"line":147,"column":30},"end":{"line":147,"column":42}},"101":{"start":{"line":151,"column":22},"end":{"line":151,"column":37}},"102":{"start":{"line":152,"column":27},"end":{"line":152,"column":30}},"103":{"start":{"line":153,"column":8},"end":{"line":153,"column":61}},"104":{"start":{"line":154,"column":8},"end":{"line":154,"column":70}},"105":{"start":{"line":155,"column":19},"end":{"line":155,"column":130}},"106":{"start":{"line":156,"column":19},"end":{"line":156,"column":81}},"107":{"start":{"line":157,"column":8},"end":{"line":157,"column":43}},"108":{"start":{"line":158,"column":22},"end":{"line":158,"column":49}},"109":{"start":{"line":159,"column":27},"end":{"line":159,"column":47}},"110":{"start":{"line":160,"column":8},"end":{"line":160,"column":46}},"111":{"start":{"line":161,"column":23},"end":{"line":161,"column":58}},"112":{"start":{"line":162,"column":8},"end":{"line":162,"column":39}},"113":{"start":{"line":165,"column":8},"end":{"line":212,"column":11}},"114":{"start":{"line":167,"column":32},"end":{"line":173,"column":14}},"115":{"start":{"line":174,"column":24},"end":{"line":174,"column":29}},"116":{"start":{"line":175,"column":24},"end":{"line":175,"column":29}},"117":{"start":{"line":176,"column":33},"end":{"line":176,"column":82}},"118":{"start":{"line":177,"column":12},"end":{"line":177,"column":38}},"119":{"start":{"line":178,"column":32},"end":{"line":201,"column":13}},"120":{"start":{"line":202,"column":12},"end":{"line":211,"column":15}},"121":{"start":{"line":203,"column":16},"end":{"line":210,"column":17}},"122":{"start":{"line":204,"column":20},"end":{"line":204,"column":39}},"123":{"start":{"line":205,"column":20},"end":{"line":205,"column":32}},"124":{"start":{"line":208,"column":20},"end":{"line":208,"column":80}},"125":{"start":{"line":209,"column":20},"end":{"line":209,"column":42}},"126":{"start":{"line":215,"column":8},"end":{"line":268,"column":11}},"127":{"start":{"line":216,"column":31},"end":{"line":216,"column":73}},"128":{"start":{"line":218,"column":12},"end":{"line":220,"column":13}},"129":{"start":{"line":219,"column":16},"end":{"line":219,"column":77}},"130":{"start":{"line":221,"column":12},"end":{"line":267,"column":15}},"131":{"start":{"line":223,"column":36},"end":{"line":229,"column":18}},"132":{"start":{"line":230,"column":28},"end":{"line":230,"column":33}},"133":{"start":{"line":231,"column":28},"end":{"line":231,"column":33}},"134":{"start":{"line":232,"column":37},"end":{"line":232,"column":86}},"135":{"start":{"line":233,"column":36},"end":{"line":256,"column":17}},"136":{"start":{"line":257,"column":16},"end":{"line":266,"column":19}},"137":{"start":{"line":258,"column":20},"end":{"line":265,"column":21}},"138":{"start":{"line":259,"column":24},"end":{"line":259,"column":43}},"139":{"start":{"line":260,"column":24},"end":{"line":260,"column":36}},"140":{"start":{"line":263,"column":24},"end":{"line":263,"column":84}},"141":{"start":{"line":264,"column":24},"end":{"line":264,"column":46}},"142":{"start":{"line":271,"column":8},"end":{"line":291,"column":11}},"143":{"start":{"line":272,"column":27},"end":{"line":272,"column":67}},"144":{"start":{"line":273,"column":26},"end":{"line":273,"column":75}},"145":{"start":{"line":274,"column":12},"end":{"line":276,"column":13}},"146":{"start":{"line":275,"column":16},"end":{"line":275,"column":47}},"147":{"start":{"line":277,"column":25},"end":{"line":277,"column":66}},"148":{"start":{"line":278,"column":12},"end":{"line":280,"column":13}},"149":{"start":{"line":279,"column":16},"end":{"line":279,"column":51}},"150":{"start":{"line":281,"column":12},"end":{"line":290,"column":13}},"151":{"start":{"line":282,"column":33},"end":{"line":282,"column":134}},"152":{"start":{"line":283,"column":16},"end":{"line":285,"column":17}},"153":{"start":{"line":284,"column":20},"end":{"line":284,"column":74}},"154":{"start":{"line":286,"column":16},"end":{"line":286,"column":61}},"155":{"start":{"line":289,"column":16},"end":{"line":289,"column":70}},"156":{"start":{"line":294,"column":8},"end":{"line":305,"column":11}},"157":{"start":{"line":295,"column":12},"end":{"line":304,"column":13}},"158":{"start":{"line":296,"column":33},"end":{"line":296,"column":85}},"159":{"start":{"line":297,"column":16},"end":{"line":299,"column":17}},"160":{"start":{"line":298,"column":20},"end":{"line":298,"column":74}},"161":{"start":{"line":300,"column":16},"end":{"line":300,"column":61}},"162":{"start":{"line":303,"column":16},"end":{"line":303,"column":42}},"163":{"start":{"line":308,"column":0},"end":{"line":308,"column":34}}},"fnMap":{"0":{"name":"(anonymous_0)","decl":{"start":{"line":2,"column":74},"end":{"line":2,"column":75}},"loc":{"start":{"line":2,"column":96},"end":{"line":9,"column":1}},"line":2},"1":{"name":"(anonymous_1)","decl":{"start":{"line":6,"column":38},"end":{"line":6,"column":39}},"loc":{"start":{"line":6,"column":49},"end":{"line":6,"column":65}},"line":6},"2":{"name":"(anonymous_2)","decl":{"start":{"line":9,"column":6},"end":{"line":9,"column":7}},"loc":{"start":{"line":9,"column":28},"end":{"line":12,"column":1}},"line":9},"3":{"name":"(anonymous_3)","decl":{"start":{"line":13,"column":80},"end":{"line":13,"column":81}},"loc":{"start":{"line":13,"column":95},"end":{"line":15,"column":1}},"line":13},"4":{"name":"(anonymous_4)","decl":{"start":{"line":15,"column":5},"end":{"line":15,"column":6}},"loc":{"start":{"line":15,"column":20},"end":{"line":17,"column":1}},"line":15},"5":{"name":"(anonymous_5)","decl":{"start":{"line":18,"column":50},"end":{"line":18,"column":51}},"loc":{"start":{"line":18,"column":65},"end":{"line":24,"column":1}},"line":18},"6":{"name":"(anonymous_6)","decl":{"start":{"line":25,"column":44},"end":{"line":25,"column":45}},"loc":{"start":{"line":25,"column":89},"end":{"line":33,"column":1}},"line":25},"7":{"name":"adopt","decl":{"start":{"line":26,"column":13},"end":{"line":26,"column":18}},"loc":{"start":{"line":26,"column":26},"end":{"line":26,"column":112}},"line":26},"8":{"name":"(anonymous_8)","decl":{"start":{"line":26,"column":70},"end":{"line":26,"column":71}},"loc":{"start":{"line":26,"column":89},"end":{"line":26,"column":108}},"line":26},"9":{"name":"(anonymous_9)","decl":{"start":{"line":27,"column":36},"end":{"line":27,"column":37}},"loc":{"start":{"line":27,"column":63},"end":{"line":32,"column":5}},"line":27},"10":{"name":"fulfilled","decl":{"start":{"line":28,"column":17},"end":{"line":28,"column":26}},"loc":{"start":{"line":28,"column":34},"end":{"line":28,"column":99}},"line":28},"11":{"name":"rejected","decl":{"start":{"line":29,"column":17},"end":{"line":29,"column":25}},"loc":{"start":{"line":29,"column":33},"end":{"line":29,"column":102}},"line":29},"12":{"name":"step","decl":{"start":{"line":30,"column":17},"end":{"line":30,"column":21}},"loc":{"start":{"line":30,"column":30},"end":{"line":30,"column":118}},"line":30},"13":{"name":"(anonymous_13)","decl":{"start":{"line":40,"column":4},"end":{"line":40,"column":5}},"loc":{"start":{"line":40,"column":32},"end":{"line":42,"column":5}},"line":40},"14":{"name":"(anonymous_14)","decl":{"start":{"line":43,"column":4},"end":{"line":43,"column":5}},"loc":{"start":{"line":43,"column":30},"end":{"line":88,"column":5}},"line":43},"15":{"name":"(anonymous_15)","decl":{"start":{"line":44,"column":47},"end":{"line":44,"column":48}},"loc":{"start":{"line":44,"column":60},"end":{"line":87,"column":9}},"line":44},"16":{"name":"(anonymous_16)","decl":{"start":{"line":50,"column":40},"end":{"line":50,"column":41}},"loc":{"start":{"line":50,"column":58},"end":{"line":50,"column":78}},"line":50},"17":{"name":"(anonymous_17)","decl":{"start":{"line":52,"column":31},"end":{"line":52,"column":32}},"loc":{"start":{"line":52,"column":47},"end":{"line":56,"column":13}},"line":52},"18":{"name":"(anonymous_18)","decl":{"start":{"line":89,"column":4},"end":{"line":89,"column":5}},"loc":{"start":{"line":89,"column":22},"end":{"line":93,"column":5}},"line":89},"19":{"name":"(anonymous_19)","decl":{"start":{"line":90,"column":47},"end":{"line":90,"column":48}},"loc":{"start":{"line":90,"column":60},"end":{"line":92,"column":9}},"line":90},"20":{"name":"(anonymous_20)","decl":{"start":{"line":94,"column":4},"end":{"line":94,"column":5}},"loc":{"start":{"line":94,"column":24},"end":{"line":98,"column":5}},"line":94},"21":{"name":"(anonymous_21)","decl":{"start":{"line":95,"column":47},"end":{"line":95,"column":48}},"loc":{"start":{"line":95,"column":60},"end":{"line":97,"column":9}},"line":95},"22":{"name":"(anonymous_22)","decl":{"start":{"line":99,"column":4},"end":{"line":99,"column":5}},"loc":{"start":{"line":99,"column":22},"end":{"line":103,"column":5}},"line":99},"23":{"name":"(anonymous_23)","decl":{"start":{"line":100,"column":47},"end":{"line":100,"column":48}},"loc":{"start":{"line":100,"column":60},"end":{"line":102,"column":9}},"line":100},"24":{"name":"(anonymous_24)","decl":{"start":{"line":104,"column":4},"end":{"line":104,"column":5}},"loc":{"start":{"line":104,"column":17},"end":{"line":108,"column":5}},"line":104},"25":{"name":"(anonymous_25)","decl":{"start":{"line":105,"column":47},"end":{"line":105,"column":48}},"loc":{"start":{"line":105,"column":60},"end":{"line":107,"column":9}},"line":105},"26":{"name":"(anonymous_26)","decl":{"start":{"line":109,"column":4},"end":{"line":109,"column":5}},"loc":{"start":{"line":109,"column":18},"end":{"line":113,"column":5}},"line":109},"27":{"name":"(anonymous_27)","decl":{"start":{"line":110,"column":47},"end":{"line":110,"column":48}},"loc":{"start":{"line":110,"column":60},"end":{"line":112,"column":9}},"line":110},"28":{"name":"(anonymous_28)","decl":{"start":{"line":114,"column":4},"end":{"line":114,"column":5}},"loc":{"start":{"line":114,"column":21},"end":{"line":118,"column":5}},"line":114},"29":{"name":"(anonymous_29)","decl":{"start":{"line":115,"column":47},"end":{"line":115,"column":48}},"loc":{"start":{"line":115,"column":60},"end":{"line":117,"column":9}},"line":115},"30":{"name":"(anonymous_30)","decl":{"start":{"line":119,"column":4},"end":{"line":119,"column":5}},"loc":{"start":{"line":119,"column":27},"end":{"line":136,"column":5}},"line":119},"31":{"name":"(anonymous_31)","decl":{"start":{"line":120,"column":47},"end":{"line":120,"column":48}},"loc":{"start":{"line":120,"column":60},"end":{"line":135,"column":9}},"line":120},"32":{"name":"(anonymous_32)","decl":{"start":{"line":137,"column":4},"end":{"line":137,"column":5}},"loc":{"start":{"line":137,"column":20},"end":{"line":143,"column":5}},"line":137},"33":{"name":"(anonymous_33)","decl":{"start":{"line":138,"column":47},"end":{"line":138,"column":48}},"loc":{"start":{"line":138,"column":60},"end":{"line":142,"column":9}},"line":138},"34":{"name":"(anonymous_34)","decl":{"start":{"line":144,"column":4},"end":{"line":144,"column":5}},"loc":{"start":{"line":144,"column":31},"end":{"line":149,"column":5}},"line":144},"35":{"name":"(anonymous_35)","decl":{"start":{"line":145,"column":47},"end":{"line":145,"column":48}},"loc":{"start":{"line":145,"column":60},"end":{"line":148,"column":9}},"line":145},"36":{"name":"(anonymous_36)","decl":{"start":{"line":150,"column":4},"end":{"line":150,"column":5}},"loc":{"start":{"line":150,"column":17},"end":{"line":163,"column":5}},"line":150},"37":{"name":"(anonymous_37)","decl":{"start":{"line":164,"column":4},"end":{"line":164,"column":5}},"loc":{"start":{"line":164,"column":18},"end":{"line":213,"column":5}},"line":164},"38":{"name":"(anonymous_38)","decl":{"start":{"line":165,"column":27},"end":{"line":165,"column":28}},"loc":{"start":{"line":165,"column":48},"end":{"line":212,"column":9}},"line":165},"39":{"name":"(anonymous_39)","decl":{"start":{"line":202,"column":46},"end":{"line":202,"column":47}},"loc":{"start":{"line":202,"column":63},"end":{"line":211,"column":13}},"line":202},"40":{"name":"(anonymous_40)","decl":{"start":{"line":214,"column":4},"end":{"line":214,"column":5}},"loc":{"start":{"line":214,"column":26},"end":{"line":269,"column":5}},"line":214},"41":{"name":"(anonymous_41)","decl":{"start":{"line":215,"column":47},"end":{"line":215,"column":48}},"loc":{"start":{"line":215,"column":60},"end":{"line":268,"column":9}},"line":215},"42":{"name":"(anonymous_42)","decl":{"start":{"line":221,"column":31},"end":{"line":221,"column":32}},"loc":{"start":{"line":221,"column":52},"end":{"line":267,"column":13}},"line":221},"43":{"name":"(anonymous_43)","decl":{"start":{"line":257,"column":50},"end":{"line":257,"column":51}},"loc":{"start":{"line":257,"column":67},"end":{"line":266,"column":17}},"line":257},"44":{"name":"(anonymous_44)","decl":{"start":{"line":270,"column":4},"end":{"line":270,"column":5}},"loc":{"start":{"line":270,"column":44},"end":{"line":292,"column":5}},"line":270},"45":{"name":"(anonymous_45)","decl":{"start":{"line":271,"column":47},"end":{"line":271,"column":48}},"loc":{"start":{"line":271,"column":60},"end":{"line":291,"column":9}},"line":271},"46":{"name":"(anonymous_46)","decl":{"start":{"line":293,"column":4},"end":{"line":293,"column":5}},"loc":{"start":{"line":293,"column":34},"end":{"line":306,"column":5}},"line":293},"47":{"name":"(anonymous_47)","decl":{"start":{"line":294,"column":47},"end":{"line":294,"column":48}},"loc":{"start":{"line":294,"column":60},"end":{"line":305,"column":9}},"line":294}},"branchMap":{"0":{"loc":{"start":{"line":2,"column":22},"end":{"line":12,"column":3}},"type":"binary-expr","locations":[{"start":{"line":2,"column":23},"end":{"line":2,"column":27}},{"start":{"line":2,"column":31},"end":{"line":2,"column":51}},{"start":{"line":2,"column":57},"end":{"line":12,"column":2}}],"line":2},"1":{"loc":{"start":{"line":2,"column":57},"end":{"line":12,"column":2}},"type":"cond-expr","locations":[{"start":{"line":2,"column":74},"end":{"line":9,"column":1}},{"start":{"line":9,"column":6},"end":{"line":12,"column":1}}],"line":2},"2":{"loc":{"start":{"line":3,"column":4},"end":{"line":3,"column":33}},"type":"if","locations":[{"start":{"line":3,"column":4},"end":{"line":3,"column":33}},{"start":{},"end":{}}],"line":3},"3":{"loc":{"start":{"line":5,"column":4},"end":{"line":7,"column":5}},"type":"if","locations":[{"start":{"line":5,"column":4},"end":{"line":7,"column":5}},{"start":{},"end":{}}],"line":5},"4":{"loc":{"start":{"line":5,"column":8},"end":{"line":5,"column":85}},"type":"binary-expr","locations":[{"start":{"line":5,"column":8},"end":{"line":5,"column":13}},{"start":{"line":5,"column":18},"end":{"line":5,"column":84}}],"line":5},"5":{"loc":{"start":{"line":5,"column":18},"end":{"line":5,"column":84}},"type":"cond-expr","locations":[{"start":{"line":5,"column":34},"end":{"line":5,"column":47}},{"start":{"line":5,"column":50},"end":{"line":5,"column":84}}],"line":5},"6":{"loc":{"start":{"line":5,"column":50},"end":{"line":5,"column":84}},"type":"binary-expr","locations":[{"start":{"line":5,"column":50},"end":{"line":5,"column":63}},{"start":{"line":5,"column":67},"end":{"line":5,"column":84}}],"line":5},"7":{"loc":{"start":{"line":10,"column":4},"end":{"line":10,"column":33}},"type":"if","locations":[{"start":{"line":10,"column":4},"end":{"line":10,"column":33}},{"start":{},"end":{}}],"line":10},"8":{"loc":{"start":{"line":13,"column":25},"end":{"line":17,"column":2}},"type":"binary-expr","locations":[{"start":{"line":13,"column":26},"end":{"line":13,"column":30}},{"start":{"line":13,"column":34},"end":{"line":13,"column":57}},{"start":{"line":13,"column":63},"end":{"line":17,"column":1}}],"line":13},"9":{"loc":{"start":{"line":13,"column":63},"end":{"line":17,"column":1}},"type":"cond-expr","locations":[{"start":{"line":13,"column":80},"end":{"line":15,"column":1}},{"start":{"line":15,"column":5},"end":{"line":17,"column":1}}],"line":13},"10":{"loc":{"start":{"line":18,"column":19},"end":{"line":24,"column":1}},"type":"binary-expr","locations":[{"start":{"line":18,"column":20},"end":{"line":18,"column":24}},{"start":{"line":18,"column":28},"end":{"line":18,"column":45}},{"start":{"line":18,"column":50},"end":{"line":24,"column":1}}],"line":18},"11":{"loc":{"start":{"line":19,"column":4},"end":{"line":19,"column":42}},"type":"if","locations":[{"start":{"line":19,"column":4},"end":{"line":19,"column":42}},{"start":{},"end":{}}],"line":19},"12":{"loc":{"start":{"line":19,"column":8},"end":{"line":19,"column":29}},"type":"binary-expr","locations":[{"start":{"line":19,"column":8},"end":{"line":19,"column":11}},{"start":{"line":19,"column":15},"end":{"line":19,"column":29}}],"line":19},"13":{"loc":{"start":{"line":21,"column":4},"end":{"line":21,"column":141}},"type":"if","locations":[{"start":{"line":21,"column":4},"end":{"line":21,"column":141}},{"start":{},"end":{}}],"line":21},"14":{"loc":{"start":{"line":21,"column":40},"end":{"line":21,"column":141}},"type":"if","locations":[{"start":{"line":21,"column":40},"end":{"line":21,"column":141}},{"start":{},"end":{}}],"line":21},"15":{"loc":{"start":{"line":21,"column":44},"end":{"line":21,"column":107}},"type":"binary-expr","locations":[{"start":{"line":21,"column":44},"end":{"line":21,"column":59}},{"start":{"line":21,"column":63},"end":{"line":21,"column":107}}],"line":21},"16":{"loc":{"start":{"line":25,"column":16},"end":{"line":33,"column":1}},"type":"binary-expr","locations":[{"start":{"line":25,"column":17},"end":{"line":25,"column":21}},{"start":{"line":25,"column":25},"end":{"line":25,"column":39}},{"start":{"line":25,"column":44},"end":{"line":33,"column":1}}],"line":25},"17":{"loc":{"start":{"line":26,"column":35},"end":{"line":26,"column":109}},"type":"cond-expr","locations":[{"start":{"line":26,"column":56},"end":{"line":26,"column":61}},{"start":{"line":26,"column":64},"end":{"line":26,"column":109}}],"line":26},"18":{"loc":{"start":{"line":27,"column":16},"end":{"line":27,"column":34}},"type":"binary-expr","locations":[{"start":{"line":27,"column":16},"end":{"line":27,"column":17}},{"start":{"line":27,"column":22},"end":{"line":27,"column":33}}],"line":27},"19":{"loc":{"start":{"line":30,"column":32},"end":{"line":30,"column":115}},"type":"cond-expr","locations":[{"start":{"line":30,"column":46},"end":{"line":30,"column":67}},{"start":{"line":30,"column":70},"end":{"line":30,"column":115}}],"line":30},"20":{"loc":{"start":{"line":31,"column":51},"end":{"line":31,"column":67}},"type":"binary-expr","locations":[{"start":{"line":31,"column":51},"end":{"line":31,"column":61}},{"start":{"line":31,"column":65},"end":{"line":31,"column":67}}],"line":31},"21":{"loc":{"start":{"line":123,"column":12},"end":{"line":134,"column":13}},"type":"if","locations":[{"start":{"line":123,"column":12},"end":{"line":134,"column":13}},{"start":{"line":132,"column":17},"end":{"line":134,"column":13}}],"line":123},"22":{"loc":{"start":{"line":125,"column":16},"end":{"line":127,"column":17}},"type":"if","locations":[{"start":{"line":125,"column":16},"end":{"line":127,"column":17}},{"start":{},"end":{}}],"line":125},"23":{"loc":{"start":{"line":203,"column":16},"end":{"line":210,"column":17}},"type":"if","locations":[{"start":{"line":203,"column":16},"end":{"line":210,"column":17}},{"start":{"line":207,"column":21},"end":{"line":210,"column":17}}],"line":203},"24":{"loc":{"start":{"line":218,"column":12},"end":{"line":220,"column":13}},"type":"if","locations":[{"start":{"line":218,"column":12},"end":{"line":220,"column":13}},{"start":{},"end":{}}],"line":218},"25":{"loc":{"start":{"line":258,"column":20},"end":{"line":265,"column":21}},"type":"if","locations":[{"start":{"line":258,"column":20},"end":{"line":265,"column":21}},{"start":{"line":262,"column":25},"end":{"line":265,"column":21}}],"line":258},"26":{"loc":{"start":{"line":273,"column":26},"end":{"line":273,"column":75}},"type":"binary-expr","locations":[{"start":{"line":273,"column":26},"end":{"line":273,"column":32}},{"start":{"line":273,"column":37},"end":{"line":273,"column":74}}],"line":273},"27":{"loc":{"start":{"line":274,"column":12},"end":{"line":276,"column":13}},"type":"if","locations":[{"start":{"line":274,"column":12},"end":{"line":276,"column":13}},{"start":{},"end":{}}],"line":274},"28":{"loc":{"start":{"line":278,"column":12},"end":{"line":280,"column":13}},"type":"if","locations":[{"start":{"line":278,"column":12},"end":{"line":280,"column":13}},{"start":{},"end":{}}],"line":278},"29":{"loc":{"start":{"line":282,"column":70},"end":{"line":282,"column":124}},"type":"cond-expr","locations":[{"start":{"line":282,"column":105},"end":{"line":282,"column":111}},{"start":{"line":282,"column":114},"end":{"line":282,"column":124}}],"line":282},"30":{"loc":{"start":{"line":282,"column":70},"end":{"line":282,"column":102}},"type":"binary-expr","locations":[{"start":{"line":282,"column":70},"end":{"line":282,"column":83}},{"start":{"line":282,"column":87},"end":{"line":282,"column":102}}],"line":282},"31":{"loc":{"start":{"line":283,"column":16},"end":{"line":285,"column":17}},"type":"if","locations":[{"start":{"line":283,"column":16},"end":{"line":285,"column":17}},{"start":{},"end":{}}],"line":283},"32":{"loc":{"start":{"line":297,"column":16},"end":{"line":299,"column":17}},"type":"if","locations":[{"start":{"line":297,"column":16},"end":{"line":299,"column":17}},{"start":{},"end":{}}],"line":297}},"s":{"0":1,"1":523,"2":523,"3":523,"4":523,"5":523,"6":5,"7":523,"8":0,"9":0,"10":0,"11":1,"12":2,"13":0,"14":1,"15":2,"16":0,"17":2,"18":2,"19":2,"20":523,"21":523,"22":2,"23":2,"24":1,"25":7,"26":1,"27":11,"28":6,"29":6,"30":0,"31":1,"32":1,"33":1,"34":17,"35":11,"36":1,"37":1,"38":1,"39":1,"40":1,"41":3,"42":1,"43":1,"44":1,"45":1,"46":1,"47":1,"48":1,"49":3,"50":1,"51":1,"52":3,"53":3,"54":3,"55":1,"56":1,"57":1,"58":1,"59":1,"60":1,"61":1,"62":1,"63":1,"64":1,"65":1,"66":1,"67":1,"68":1,"69":1,"70":1,"71":1,"72":0,"73":0,"74":1,"75":1,"76":2,"77":2,"78":2,"79":2,"80":1,"81":1,"82":1,"83":1,"84":1,"85":1,"86":1,"87":1,"88":1,"89":1,"90":1,"91":0,"92":0,"93":0,"94":1,"95":1,"96":1,"97":1,"98":1,"99":1,"100":1,
[...]
ine":3},"2":{"name":"(anonymous_2)","decl":{"start":{"line":3,"column":70},"end":{"line":3,"column":71}},"loc":{"start":{"line":3,"column":89},"end":{"line":3,"column":108}},"line":3},"3":{"name":"(anonymous_3)","decl":{"start":{"line":4,"column":36},"end":{"line":4,"column":37}},"loc":{"start":{"line":4,"column":63},"end":{"line":9,"column":5}},"line":4},"4":{"name":"fulfilled","decl":{"start":{"line":5,"column":17},"end":{"line":5,"column":26}},"loc":{"start":{"line":5,"column":34},"end":{"line":5,"column":99}},"line":5},"5":{"name":"rejected","decl":{"start":{"line":6,"column":17},"end":{"line":6,"column":25}},"loc":{"start":{"line":6,"column":33},"end":{"line":6,"column":102}},"line":6},"6":{"name":"step","decl":{"start":{"line":7,"column":17},"end":{"line":7,"column":21}},"loc":{"start":{"line":7,"column":30},"end":{"line":7,"column":118}},"line":7},"7":{"name":"(anonymous_7)","decl":{"start":{"line":14,"column":4},"end":{"line":14,"column":5}},"loc":{"start":{"line":14,"column":18},"end":{"line":14,"column":21}},"line":14},"8":{"name":"(anonymous_8)","decl":{"start":{"line":15,"column":4},"end":{"line":15,"column":5}},"loc":{"start":{"line":15,"column":25},"end":{"line":25,"column":5}},"line":15},"9":{"name":"(anonymous_9)","decl":{"start":{"line":16,"column":47},"end":{"line":16,"column":48}},"loc":{"start":{"line":16,"column":60},"end":{"line":24,"column":9}},"line":16}},"branchMap":{"0":{"loc":{"start":{"line":2,"column":16},"end":{"line":10,"column":1}},"type":"binary-expr","locations":[{"start":{"line":2,"column":17},"end":{"line":2,"column":21}},{"start":{"line":2,"column":25},"end":{"line":2,"column":39}},{"start":{"line":2,"column":44},"end":{"line":10,"column":1}}],"line":2},"1":{"loc":{"start":{"line":3,"column":35},"end":{"line":3,"column":109}},"type":"cond-expr","locations":[{"start":{"line":3,"column":56},"end":{"line":3,"column":61}},{"start":{"line":3,"column":64},"end":{"line":3,"column":109}}],"line":3},"2":{"loc":{"start":{"line":4,"column":16},"end":{"line":4,"column":34}},"type":"binary-expr","locations":[{"start":{"line":4,"column":16},"end":{"line":4,"column":17}},{"start":{"line":4,"column":22},"end":{"line":4,"column":33}}],"line":4},"3":{"loc":{"start":{"line":7,"column":32},"end":{"line":7,"column":115}},"type":"cond-expr","locations":[{"start":{"line":7,"column":46},"end":{"line":7,"column":67}},{"start":{"line":7,"column":70},"end":{"line":7,"column":115}}],"line":7},"4":{"loc":{"start":{"line":8,"column":51},"end":{"line":8,"column":67}},"type":"binary-expr","locations":[{"start":{"line":8,"column":51},"end":{"line":8,"column":61}},{"start":{"line":8,"column":65},"end":{"line":8,"column":67}}],"line":8}},"s":{"0":1,"1":0,"2":0,"3":0,"4":0,"5":0,"6":0,"7":0,"8":0,"9":0,"10":0,"11":0,"12":1,"13":1,"14":0,"15":0,"16":0,"17":0,"18":0,"19":0,"20":1},"f":{"0":0,"1":0,"2":0,"3":0,"4":0,"5":0,"6":0,"7":1,"8":0,"9":0},"b":{"0":[1,1,1],"1":[0,0],"2":[0,0],"3":[0,0],"4":[0,0]},"_coverageSchema":"1a1c01bbd47fc00a2c39e90264f33305004495a9","hash":"71f0f5b0d6ce6136bbc185e8ce4ea67279865231"}
,"D:\\REPO BACK\\B2\\BACKEND\\src\\interfaces\\routes\\routes.js": {"path":"D:\\REPO BACK\\B2\\BACKEND\\src\\interfaces\\routes\\routes.js","statementMap":{"0":{"start":{"line":2,"column":0},"end":{"line":2,"column":62}},"1":{"start":{"line":3,"column":18},"end":{"line":3,"column":36}},"2":{"start":{"line":4,"column":26},"end":{"line":4,"column":67}},"3":{"start":{"line":5,"column":25},"end":{"line":5,"column":65}},"4":{"start":{"line":6,"column":25},"end":{"line":6,"column":65}},"5":{"start":{"line":7,"column":30},"end":{"line":7,"column":75}},"6":{"start":{"line":8,"column":27},"end":{"line":8,"column":69}},"7":{"start":{"line":9,"column":25},"end":{"line":9,"column":65}},"8":{"start":{"line":10,"column":15},"end":{"line":10,"column":38}},"9":{"start":{"line":11,"column":24},"end":{"line":11,"column":63}},"10":{"start":{"line":12,"column":23},"end":{"line":12,"column":60}},"11":{"start":{"line":13,"column":23},"end":{"line":13,"column":60}},"12":{"start":{"line":14,"column":29},"end":{"line":14,"column":75}},"13":{"start":{"line":15,"column":25},"end":{"line":15,"column":66}},"14":{"start":{"line":16,"column":25},"end":{"line":16,"column":64}},"15":{"start":{"line":17,"column":0},"end":{"line":17,"column":70}},"16":{"start":{"line":18,"column":0},"end":{"line":18,"column":68}},"17":{"start":{"line":19,"column":0},"end":{"line":19,"column":79}},"18":{"start":{"line":20,"column":0},"end":{"line":20,"column":66}},"19":{"start":{"line":21,"column":0},"end":{"line":21,"column":65}},"20":{"start":{"line":22,"column":0},"end":{"line":22,"column":72}},"21":{"start":{"line":23,"column":0},"end":{"line":23,"column":69}},"22":{"start":{"line":24,"column":0},"end":{"line":24,"column":77}},"23":{"start":{"line":25,"column":0},"end":{"line":25,"column":95}},"24":{"start":{"line":26,"column":0},"end":{"line":26,"column":74}},"25":{"start":{"line":27,"column":0},"end":{"line":27,"column":83}},"26":{"start":{"line":28,"column":0},"end":{"line":28,"column":86}},"27":{"start":{"line":29,"column":0},"end":{"line":29,"column":88}},"28":{"start":{"line":30,"column":0},"end":{"line":30,"column":90}},"29":{"start":{"line":31,"column":0},"end":{"line":31,"column":89}},"30":{"start":{"line":32,"column":0},"end":{"line":32,"column":91}},"31":{"start":{"line":33,"column":0},"end":{"line":33,"column":90}},"32":{"start":{"line":34,"column":0},"end":{"line":34,"column":84}},"33":{"start":{"line":35,"column":0},"end":{"line":35,"column":92}},"34":{"start":{"line":36,"column":0},"end":{"line":36,"column":88}},"35":{"start":{"line":37,"column":0},"end":{"line":37,"column":94}},"36":{"start":{"line":38,"column":0},"end":{"line":38,"column":104}},"37":{"start":{"line":39,"column":0},"end":{"line":39,"column":97}},"38":{"start":{"line":40,"column":0},"end":{"line":40,"column":75}},"39":{"start":{"line":41,"column":0},"end":{"line":41,"column":79}},"40":{"start":{"line":42,"column":0},"end":{"line":42,"column":89}},"41":{"start":{"line":43,"column":0},"end":{"line":43,"column":25}}},"fnMap":{},"branchMap":{},"s":{"0":1,"1":1,"2":1,"3":1,"4":1,"5":1,"6":1,"7":1,"8":1,"9":1,"10":1,"11":1,"12":1,"13":1,"14":1,"15":1,"16":1,"17":1,"18":1,"19":1,"20":1,"21":1,"22":1,"23":1,"24":1,"25":1,"26":1,"27":1,"28":1,"29":1,"30":1,"31":1,"32":1,"33":1,"34":1,"35":1,"36":1,"37":1,"38":1,"39":1,"40":1,"41":1},"f":{},"b":{},"_coverageSchema":"1a1c01bbd47fc00a2c39e90264f33305004495a9","hash":"8f48eb6d03911146d8194230435e0238acdfc438"}
,"D:\\REPO BACK\\B2\\BACKEND\\src\\interfaces\\utils\\socket.js": {"path":"D:\\REPO BACK\\B2\\BACKEND\\src\\interfaces\\utils\\socket.js","statementMap":{"0":{"start":{"line":2,"column":0},"end":{"line":2,"column":62}},"1":{"start":{"line":3,"column":0},"end":{"line":3,"column":52}},"2":{"start":{"line":4,"column":22},"end":{"line":14,"column":1}},"3":{"start":{"line":5,"column":4},"end":{"line":5,"column":55}},"4":{"start":{"line":6,"column":4},"end":{"line":9,"column":7}},"5":{"start":{"line":7,"column":8},"end":{"line":7,"column":42}},"6":{"start":{"line":8,"column":8},"end":{"line":8,"column":27}},"7":{"start":{"line":10,"column":4},"end":{"line":13,"column":7}},"8":{"start":{"line":11,"column":8},"end":{"line":11,"column":42}},"9":{"start":{"line":12,"column":8},"end":{"line":12,"column":45}},"10":{"start":{"line":15,"column":0},"end":{"line":15,"column":38}},"11":{"start":{"line":16,"column":19},"end":{"line":20,"column":1}},"12":{"start":{"line":17,"column":4},"end":{"line":19,"column":7}},"13":{"start":{"line":18,"column":8},"end":{"line":18,"column":40}},"14":{"start":{"line":21,"column":0},"end":{"line":21,"column":32}}},"fnMap":{"0":{"name":"(anonymous_0)","decl":{"start":{"line":4,"column":22},"end":{"line":4,"column":23}},"loc":{"start":{"line":4,"column":34},"end":{"line":14,"column":1}},"line":4},"1":{"name":"(anonymous_1)","decl":{"start":{"line":6,"column":159},"end":{"line":6,"column":160}},"loc":{"start":{"line":6,"column":170},"end":{"line":9,"column":5}},"line":6},"2":{"name":"(anonymous_2)","decl":{"start":{"line":10,"column":25},"end":{"line":10,"column":26}},"loc":{"start":{"line":10,"column":36},"end":{"line":13,"column":5}},"line":10},"3":{"name":"(anonymous_3)","decl":{"start":{"line":16,"column":19},"end":{"line":16,"column":20}},"loc":{"start":{"line":16,"column":31},"end":{"line":20,"column":1}},"line":16},"4":{"name":"(anonymous_4)","decl":{"start":{"line":17,"column":28},"end":{"line":17,"column":29}},"loc":{"start":{"line":17,"column":34},"end":{"line":19,"column":5}},"line":17}},"branchMap":{},"s":{"0":1,"1":1,"2":1,"3":0,"4":0,"5":0,"6":0,"7":0,"8":0,"9":0,"10":1,"11":1,"12":0,"13":0,"14":1},"f":{"0":0,"1":0,"2":0,"3":0,"4":0},"b":{},"_coverageSchema":"1a1c01bbd47fc00a2c39e90264f33305004495a9","hash":"cf4ee1f98a9f65f64e4d2f970bd070359099b1a1"}
,"D:\\REPO BACK\\B2\\BACKEND\\src\\interfaces\\utils\\socketcon.js": {"path":"D:\\REPO BACK\\B2\\BACKEND\\src\\interfaces\\utils\\socketcon.js","statementMap":{"0":{"start":{"line":2,"column":22},"end":{"line":12,"column":3}},"1":{"start":{"line":3,"column":4},"end":{"line":3,"column":33}},"2":{"start":{"line":3,"column":26},"end":{"line":3,"column":33}},"3":{"start":{"line":4,"column":15},"end":{"line":4,"column":52}},"4":{"start":{"line":5,"column":4},"end":{"line":7,"column":5}},"5":{"start":{"line":6,"column":6},"end":{"line":6,"column":68}},"6":{"start":{"line":6,"column":51},"end":{"line":6,"column":63}},"7":{"start":{"line":8,"column":4},"end":{"line":8,"column":39}},"8":{"start":{"line":10,"column":4},"end":{"line":10,"column":33}},"9":{"start":{"line":10,"column":26},"end":{"line":10,"column":33}},"10":{"start":{"line":11,"column":4},"end":{"line":11,"column":17}},"11":{"start":{"line":13,"column":25},"end":{"line":17,"column":2}},"12":{"start":{"line":14,"column":4},"end":{"line":14,"column":72}},"13":{"start":{"line":16,"column":4},"end":{"line":16,"column":21}},"14":{"start":{"line":18,"column":19},"end":{"line":24,"column":1}},"15":{"start":{"line":19,"column":4},"end":{"line":19,"column":42}},"16":{"start":{"line":19,"column":31},"end":{"line":19,"column":42}},"17":{"start":{"line":20,"column":17},"end":{"line":20,"column":19}},"18":{"start":{"line":21,"column":4},"end":{"line":21,"column":141}},"19":{"start":{"line":21,"column":21},"end":{"line":21,"column":141}},"20":{"start":{"line":21,"column":40},"end":{"line":21,"column":141}},"21":{"start":{"line":21,"column":109},"end":{"line":21,"column":141}},"22":{"start":{"line":22,"column":4},"end":{"line":22,"column":36}},"23":{"start":{"line":23,"column":4},"end":{"line":23,"column":18}},"24":{"start":{"line":25,"column":22},"end":{"line":27,"column":1}},"25":{"start":{"line":26,"column":4},"end":{"line":26,"column":62}},"26":{"start":{"line":28,"column":0},"end":{"line":28,"column":62}},"27":{"start":{"line":29,"column":18},"end":{"line":29,"column":53}},"28":{"start":{"line":30,"column":27},"end":{"line":30,"column":71}},"29":{"start":{"line":31,"column":15},"end":{"line":31,"column":47}},"30":{"start":{"line":32,"column":17},"end":{"line":32,"column":61}},"31":{"start":{"line":33,"column":17},"end":{"line":33,"column":51}},"32":{"start":{"line":34,"column":20},"end":{"line":34,"column":40}},"33":{"start":{"line":35,"column":15},"end":{"line":35,"column":48}},"34":{"start":{"line":38,"column":8},"end":{"line":38,"column":77}},"35":{"start":{"line":39,"column":8},"end":{"line":39,"column":25}},"36":{"start":{"line":40,"column":8},"end":{"line":40,"column":62}},"37":{"start":{"line":41,"column":8},"end":{"line":41,"column":60}},"38":{"start":{"line":42,"column":8},"end":{"line":42,"column":29}},"39":{"start":{"line":43,"column":8},"end":{"line":43,"column":44}},"40":{"start":{"line":44,"column":8},"end":{"line":47,"column":11}},"41":{"start":{"line":45,"column":12},"end":{"line":45,"column":31}},"42":{"start":{"line":46,"column":12},"end":{"line":46,"column":19}},"43":{"start":{"line":48,"column":8},"end":{"line":48,"column":47}},"44":{"start":{"line":49,"column":8},"end":{"line":49,"column":39}},"45":{"start":{"line":50,"column":8},"end":{"line":50,"column":51}},"46":{"start":{"line":53,"column":8},"end":{"line":53,"column":52}},"47":{"start":{"line":56,"column":8},"end":{"line":62,"column":11}},"48":{"start":{"line":59,"column":12},"end":{"line":59,"column":41}},"49":{"start":{"line":61,"column":12},"end":{"line":61,"column":38}},"50":{"start":{"line":65,"column":0},"end":{"line":65,"column":25}}},"fnMap":{"0":{"name":"(anonymous_0)","decl":{"start":{"line":2,"column":74},"end":{"line":2,"column":75}},"loc":{"start":{"line":2,"column":96},"end":{"line":9,"column":1}},"line":2},"1":{"name":"(anonymous_1)","decl":{"start":{"line":6,"column":38},"end":{"line":6,"column":39}},"loc":{"start":{"line":6,"column":49},"end":{"line":6,"column":65}},"line":6},"2":{"name":"(anonymous_2)","decl":{"start":{"line":9,"column":6},"end":{"line":9,"column":7}},"loc":{"start":{"line":9,"column":28},"end":{"line":12,"column":1}},"line":9},"3":{"name":"(anonymous_3)","decl":{"start":{"line":13,"column":80},"end":{"line":13,"column":81}},"loc":{"start":{"line":13,"column":95},"end":{"line":15,"column":1}},"line":13},"4":{"name":"(anonymous_4)","decl":{"start":{"line":15,"column":5},"end":{"line":15,"column":6}},"loc":{"start":{"line":15,"column":20},"end":{"line":17,"column":1}},"line":15},"5":{"name":"(anonymous_5)","decl":{"start":{"line":18,"column":50},"end":{"line":18,"column":51}},"loc":{"start":{"line":18,"column":65},"end":{"line":24,"column":1}},"line":18},"6":{"name":"(anonymous_6)","decl":{"start":{"line":25,"column":56},"end":{"line":25,"column":57}},"loc":{"start":{"line":25,"column":71},"end":{"line":27,"column":1}},"line":25},"7":{"name":"(anonymous_7)","decl":{"start":{"line":37,"column":4},"end":{"line":37,"column":5}},"loc":{"start":{"line":37,"column":18},"end":{"line":51,"column":5}},"line":37},"8":{"name":"(anonymous_8)","decl":{"start":{"line":44,"column":21},"end":{"line":44,"column":22}},"loc":{"start":{"line":44,"column":47},"end":{"line":47,"column":9}},"line":44},"9":{"name":"(anonymous_9)","decl":{"start":{"line":52,"column":4},"end":{"line":52,"column":5}},"loc":{"start":{"line":52,"column":20},"end":{"line":54,"column":5}},"line":52},"10":{"name":"(anonymous_10)","decl":{"start":{"line":55,"column":4},"end":{"line":55,"column":5}},"loc":{"start":{"line":55,"column":20},"end":{"line":63,"column":5}},"line":55},"11":{"name":"(anonymous_11)","decl":{"start":{"line":56,"column":35},"end":{"line":56,"column":36}},"loc":{"start":{"line":56,"column":47},"end":{"line":62,"column":9}},"line":56}},"branchMap":{"0":{"loc":{"start":{"line":2,"column":22},"end":{"line":12,"column":3}},"type":"binary-expr","locations":[{"start":{"line":2,"column":23},"end":{"line":2,"column":27}},{"start":{"line":2,"column":31},"end":{"line":2,"column":51}},{"start":{"line":2,"column":57},"end":{"line":12,"column":2}}],"line":2},"1":{"loc":{"start":{"line":2,"column":57},"end":{"line":12,"column":2}},"type":"cond-expr","locations":[{"start":{"line":2,"column":74},"end":{"line":9,"column":1}},{"start":{"line":9,"column":6},"end":{"line":12,"column":1}}],"line":2},"2":{"loc":{"start":{"line":3,"column":4},"end":{"line":3,"column":33}},"type":"if","locations":[{"start":{"line":3,"column":4},"end":{"line":3,"column":33}},{"start":{},"end":{}}],"line":3},"3":{"loc":{"start":{"line":5,"column":4},"end":{"line":7,"column":5}},"type":"if","locations":[{"start":{"line":5,"column":4},"end":{"line":7,"column":5}},{"start":{},"end":{}}],"line":5},"4":{"loc":{"start":{"line":5,"column":8},"end":{"line":5,"column":85}},"type":"binary-expr","locations":[{"start":{"line":5,"column":8},"end":{"line":5,"column":13}},{"start":{"line":5,"column":18},"end":{"line":5,"column":84}}],"line":5},"5":{"loc":{"start":{"line":5,"column":18},"end":{"line":5,"column":84}},"type":"cond-expr","locations":[{"start":{"line":5,"column":34},"end":{"line":5,"column":47}},{"start":{"line":5,"column":50},"end":{"line":5,"column":84}}],"line":5},"6":{"loc":{"start":{"line":5,"column":50},"end":{"line":5,"column":84}},"type":"binary-expr","locations":[{"start":{"line":5,"column":50},"end":{"line":5,"column":63}},{"start":{"line":5,"column":67},"end":{"line":5,"column":84}}],"line":5},"7":{"loc":{"start":{"line":10,"column":4},"end":{"line":10,"column":33}},"type":"if","locations":[{"start":{"line":10,"column":4},"end":{"line":10,"column":33}},{"start":{},"end":{}}],"line":10},"8":{"loc":{"start":{"line":13,"column":25},"end":{"line":17,"column":2}},"type":"binary-expr","locations":[{"start":{"line":13,"column":26},"end":{"line":13,"column":30}},{"start":{"line":13,"column":34},"end":{"line":13,"column":57}},{"start":{"line":13,"column":63},"end":{"line":17,"column":1}}],"line":13},"9":{"loc":{"start":{"line":13,"column":63},"end":{"line":17,"column":1}},"type":"cond-expr","locations":[{"start":{"line":13,"column":80},"end":{"line":15,"column":1}},{"start":{"line":15,"column":5},"end":{"line":17,"column":1}}],"line":13},"10":{"loc":{"start":{"line":18,"column":19},"end":{"line":24,"column":1}},"type":"binary-expr","locations":[{"start":{"line":18,"column":20},"end":{"line":18,"column":24}},{"start":{"line":18,"column":28},"end":{"line":18,"column":45}},{"start":{"line":18,"column":50},"end":{"line":24,"column":1}}],"line":18},"11":{"loc":{"start":{"line":19,"column":4},"end":{"line":19,"column":42}},"type":"if","locations":[{"start":{"line":19,"column":4},"end":{"line":19,"column":42}},{"start":{},"end":{}}],"line":19},"12":{"loc":{"start":{"line":19,"column":8},"end":{"line":19,"column":29}},"type":"binary-expr","locations":[{"start":{"line":19,"column":8},"end":{"line":19,"column":11}},{"start":{"line":19,"column":15},"end":{"line":19,"column":29}}],"line":19},"13":{"loc":{"start":{"line":21,"column":4},"end":{"line":21,"column":141}},"type":"if","locations":[{"start":{"line":21,"column":4},"end":{"line":21,"column":141}},{"start":{},"end":{}}],"line":21},"14":{"loc":{"start":{"line":21,"column":40},"end":{"line":21,"column":141}},"type":"if","locations":[{"start":{"line":21,"column":40},"end":{"line":21,"column":141}},{"start":{},"end":{}}],"line":21},"15":{"loc":{"start":{"line":21,"column":44},"end":{"line":21,"column":107}},"type":"binary-expr","locations":[{"start":{"line":21,"column":44},"end":{"line":21,"column":59}},{"start":{"line":21,"column":63},"end":{"line":21,"column":107}}],"line":21},"16":{"loc":{"start":{"line":25,"column":22},"end":{"line":27,"column":1}},"type":"binary-expr","locations":[{"start":{"line":25,"column":23},"end":{"line":25,"column":27}},{"start":{"line":25,"column":31},"end":{"line":25,"column":51}},{"start":{"line":25,"column":56},"end":{"line":27,"column":1}}],"line":25},"17":{"loc":{"start":{"line":26,"column":11},"end":{"line":26,"column":61}},"type":"cond-expr","locations":[{"start":{"line":26,"column":37},"end":{"line":26,"column":40}},{"start":{"line":26,"column":43},"end":{"line":26,"column":61}}],"line":26},"18":{"loc":{"start":{"line":26,"column":12},"end":{"line":26,"column":33}},"type":"binary-expr","locations":[{"start":{"line":26,"column":12},"end":{"line":26,"column":15}},{"start":{"line":26,"column":19},"end":{"line":26,"column":33}}],"line":26}},"s":{"0":1,"1":0,"2":0,"3":0,"4":0,"5":0,"6":0,"7":0,"8":0,"9":0,"10":0,"11":1,"12":0,"13":0,"14":1,"15":1,"16":1,"17":0,"18":0,"19":0,"20":0,"21":0,"22":0,"23":0,"24":1,"25":5,"26":1,"27":1,"28":1,"29":1,"30":1,"31":1,"32":1,"33":1,"34":10,"35":10,"36":10,"37":10,"38":10,"39":10,"40":10,"41":10,"42":10,"43":10,"44":10,"45":10,"46":0,"47":10,"48":0,"49":0,"50":1},"f":{"0":0,"1":0,"2":0,"3":0,"4":0,"5":1,"6":5,"7":10,"8":10,"9":0,"10":10,"11":0},"b":{"0":[1,1,1],"1":[1,0],"2":[0,0],"3":[0,0],"4":[0,0],"5":[0,0],"6":[0,0],"7":[0,0],"8":[1,1,1],"9":[1,0],"10":[1,1,1],"11":[1,0],"12":[1,1],"13":[0,0],"14":[0,0],"15":[0,0],"16":[1,1,1],"17":[1,4],"18":[5,5]},"_coverageSchema":"1a1c01bbd47fc00a2c39e90264f33305004495a9","hash":"350b0d3959a7be91eaf66755240eee7227dd9d79"}
}
