TN:
SF:src\application\services\EmergencyService.js
FN:2,(anonymous_0)
FN:3,adopt
FN:3,(anonymous_2)
FN:4,(anonymous_3)
FN:5,fulfilled
FN:6,rejected
FN:7,step
FN:18,(anonymous_7)
FN:22,(anonymous_8)
FN:23,(anonymous_9)
FN:31,(anonymous_10)
FNF:11
FNH:1
FNDA:0,(anonymous_0)
FNDA:0,adopt
FNDA:0,(anonymous_2)
FNDA:0,(anonymous_3)
FNDA:0,fulfilled
FNDA:0,rejected
FNDA:0,step
FNDA:1,(anonymous_7)
FNDA:0,(anonymous_8)
FNDA:0,(anonymous_9)
FNDA:0,(anonymous_10)
DA:2,1
DA:3,0
DA:4,0
DA:5,0
DA:6,0
DA:7,0
DA:8,0
DA:11,1
DA:12,1
DA:13,1
DA:14,1
DA:15,1
DA:16,1
DA:19,1
DA:20,1
DA:23,0
DA:24,0
DA:25,0
DA:26,0
DA:27,0
DA:28,0
DA:29,0
DA:30,0
DA:31,0
DA:32,0
DA:34,0
DA:43,0
DA:44,0
DA:52,0
DA:53,0
DA:54,0
DA:64,0
DA:73,1
LF:33
LH:10
BRDA:2,0,0,1
BRDA:2,0,1,1
BRDA:2,0,2,1
BRDA:3,1,0,0
BRDA:3,1,1,0
BRDA:4,2,0,0
BRDA:4,2,1,0
BRDA:7,3,0,0
BRDA:7,3,1,0
BRDA:8,4,0,0
BRDA:8,4,1,0
BRDA:25,5,0,0
BRDA:25,5,1,0
BRDA:29,6,0,0
BRDA:29,6,1,0
BRDA:32,7,0,0
BRDA:32,7,1,0
BRDA:32,7,2,0
BRDA:43,8,0,0
BRDA:43,8,1,0
BRDA:43,9,0,0
BRDA:43,9,1,0
BRDA:52,10,0,0
BRDA:52,10,1,0
BRF:24
BRH:3
end_of_record
TN:
SF:src\application\services\FoodService.js
FN:2,(anonymous_0)
FN:3,adopt
FN:3,(anonymous_2)
FN:4,(anonymous_3)
FN:5,fulfilled
FN:6,rejected
FN:7,step
FN:16,(anonymous_7)
FN:19,(anonymous_8)
FN:20,(anonymous_9)
FN:24,(anonymous_10)
FN:25,(anonymous_11)
FN:29,(anonymous_12)
FN:30,(anonymous_13)
FN:58,(anonymous_14)
FN:59,(anonymous_15)
FN:63,(anonymous_16)
FN:64,(anonymous_17)
FNF:18
FNH:10
FNDA:2,(anonymous_0)
FNDA:2,adopt
FNDA:0,(anonymous_2)
FNDA:2,(anonymous_3)
FNDA:2,fulfilled
FNDA:0,rejected
FNDA:4,step
FNDA:3,(anonymous_7)
FNDA:1,(anonymous_8)
FNDA:1,(anonymous_9)
FNDA:0,(anonymous_10)
FNDA:0,(anonymous_11)
FNDA:1,(anonymous_12)
FNDA:1,(anonymous_13)
FNDA:0,(anonymous_14)
FNDA:0,(anonymous_15)
FNDA:0,(anonymous_16)
FNDA:0,(anonymous_17)
DA:2,1
DA:3,2
DA:4,2
DA:5,2
DA:6,0
DA:7,4
DA:8,2
DA:11,1
DA:12,1
DA:13,1
DA:14,1
DA:17,3
DA:20,1
DA:21,1
DA:25,0
DA:26,0
DA:30,1
DA:31,1
DA:32,1
DA:33,1
DA:34,1
DA:35,1
DA:37,1
DA:38,1
DA:39,0
DA:42,1
DA:44,1
DA:45,1
DA:46,1
DA:47,1
DA:48,1
DA:49,1
DA:50,1
DA:51,1
DA:54,0
DA:59,0
DA:60,0
DA:64,0
DA:65,0
DA:69,1
LF:40
LH:31
BRDA:2,0,0,1
BRDA:2,0,1,1
BRDA:2,0,2,1
BRDA:3,1,0,2
BRDA:3,1,1,0
BRDA:4,2,0,2
BRDA:4,2,1,2
BRDA:7,3,0,2
BRDA:7,3,1,2
BRDA:8,4,0,2
BRDA:8,4,1,2
BRDA:38,5,0,0
BRDA:38,5,1,1
BRF:13
BRH:11
end_of_record
TN:
SF:src\application\services\PlateService.js
FN:2,(anonymous_0)
FN:6,(anonymous_1)
FN:9,(anonymous_2)
FN:13,(anonymous_3)
FN:15,(anonymous_4)
FN:18,(anonymous_5)
FN:25,(anonymous_6)
FN:26,adopt
FN:26,(anonymous_8)
FN:27,(anonymous_9)
FN:28,fulfilled
FN:29,rejected
FN:30,step
FN:38,(anonymous_13)
FN:41,(anonymous_14)
FN:42,(anonymous_15)
FN:46,(anonymous_16)
FN:47,(anonymous_17)
FN:51,(anonymous_18)
FN:52,(anonymous_19)
FN:53,(anonymous_20)
FN:54,(anonymous_21)
FN:69,(anonymous_22)
FN:70,(anonymous_23)
FN:76,(anonymous_24)
FN:88,(anonymous_25)
FNF:26
FNH:9
FNDA:512,(anonymous_0)
FNDA:0,(anonymous_1)
FNDA:0,(anonymous_2)
FNDA:1,(anonymous_3)
FNDA:0,(anonymous_4)
FNDA:1,(anonymous_5)
FNDA:1,(anonymous_6)
FNDA:0,adopt
FNDA:0,(anonymous_8)
FNDA:1,(anonymous_9)
FNDA:0,fulfilled
FNDA:0,rejected
FNDA:1,step
FNDA:2,(anonymous_13)
FNDA:1,(anonymous_14)
FNDA:1,(anonymous_15)
FNDA:0,(anonymous_16)
FNDA:0,(anonymous_17)
FNDA:0,(anonymous_18)
FNDA:0,(anonymous_19)
FNDA:0,(anonymous_20)
FNDA:0,(anonymous_21)
FNDA:0,(anonymous_22)
FNDA:0,(anonymous_23)
FNDA:0,(anonymous_24)
FNDA:0,(anonymous_25)
DA:2,1
DA:3,512
DA:4,512
DA:5,512
DA:6,512
DA:8,512
DA:10,0
DA:11,0
DA:13,1
DA:14,1
DA:16,0
DA:18,1
DA:19,1
DA:20,1
DA:21,512
DA:22,1
DA:23,1
DA:25,1
DA:26,0
DA:27,1
DA:28,0
DA:29,0
DA:30,1
DA:31,1
DA:34,1
DA:35,1
DA:36,1
DA:39,2
DA:42,1
DA:43,1
DA:47,0
DA:48,0
DA:49,0
DA:51,0
DA:52,0
DA:53,0
DA:54,0
DA:61,0
DA:62,0
DA:63,0
DA:64,0
DA:65,0
DA:66,0
DA:67,0
DA:69,0
DA:70,0
DA:71,0
DA:76,0
DA:80,0
DA:81,0
DA:82,0
DA:83,0
DA:84,0
DA:85,0
DA:86,0
DA:87,0
DA:88,0
DA:89,0
DA:92,0
DA:93,0
DA:97,1
LF:61
LH:25
BRDA:2,0,0,1
BRDA:2,0,1,1
BRDA:2,0,2,1
BRDA:2,1,0,1
BRDA:2,1,1,0
BRDA:3,2,0,512
BRDA:3,2,1,0
BRDA:5,3,0,512
BRDA:5,3,1,0
BRDA:5,4,0,512
BRDA:5,4,1,512
BRDA:5,5,0,510
BRDA:5,5,1,2
BRDA:5,6,0,2
BRDA:5,6,1,0
BRDA:10,7,0,0
BRDA:10,7,1,0
BRDA:13,8,0,1
BRDA:13,8,1,1
BRDA:13,8,2,1
BRDA:13,9,0,1
BRDA:13,9,1,0
BRDA:18,10,0,1
BRDA:18,10,1,1
BRDA:18,10,2,1
BRDA:19,11,0,0
BRDA:19,11,1,1
BRDA:19,12,0,1
BRDA:19,12,1,1
BRDA:21,13,0,1
BRDA:21,13,1,0
BRDA:21,14,0,512
BRDA:21,14,1,0
BRDA:21,15,0,512
BRDA:21,15,1,512
BRDA:25,16,0,1
BRDA:25,16,1,1
BRDA:25,16,2,1
BRDA:26,17,0,0
BRDA:26,17,1,0
BRDA:27,18,0,1
BRDA:27,18,1,1
BRDA:30,19,0,1
BRDA:30,19,1,0
BRDA:31,20,0,1
BRDA:31,20,1,1
BRDA:76,21,0,0
BRDA:76,21,1,0
BRDA:76,22,0,0
BRDA:76,22,1,0
BRDA:83,23,0,0
BRDA:83,23,1,0
BRF:52
BRH:33
end_of_record
TN:
SF:src\application\services\ReportService.js
FN:2,(anonymous_0)
FN:3,adopt
FN:3,(anonymous_2)
FN:4,(anonymous_3)
FN:5,fulfilled
FN:6,rejected
FN:7,step
FN:17,(anonymous_7)
FN:20,(anonymous_8)
FN:21,(anonymous_9)
FN:25,(anonymous_10)
FN:26,(anonymous_11)
FN:30,(anonymous_12)
FN:31,(anonymous_13)
FN:35,(anonymous_14)
FN:36,(anonymous_15)
FN:40,(anonymous_16)
FN:41,(anonymous_17)
FN:45,(anonymous_18)
FN:46,(anonymous_19)
FN:50,(anonymous_20)
FN:51,(anonymous_21)
FN:55,(anonymous_22)
FN:56,(anonymous_23)
FN:73,(anonymous_24)
FN:73,(anonymous_25)
FN:112,(anonymous_26)
FN:113,(anonymous_27)
FN:116,(anonymous_28)
FN:116,(anonymous_29)
FN:137,(anonymous_30)
FN:138,(anonymous_31)
FNF:32
FNH:12
FNDA:4,(anonymous_0)
FNDA:0,adopt
FNDA:0,(anonymous_2)
FNDA:4,(anonymous_3)
FNDA:0,fulfilled
FNDA:0,rejected
FNDA:4,step
FNDA:1,(anonymous_7)
FNDA:1,(anonymous_8)
FNDA:1,(anonymous_9)
FNDA:1,(anonymous_10)
FNDA:1,(anonymous_11)
FNDA:1,(anonymous_12)
FNDA:1,(anonymous_13)
FNDA:1,(anonymous_14)
FNDA:1,(anonymous_15)
FNDA:0,(anonymous_16)
FNDA:0,(anonymous_17)
FNDA:0,(anonymous_18)
FNDA:0,(anonymous_19)
FNDA:0,(anonymous_20)
FNDA:0,(anonymous_21)
FNDA:0,(anonymous_22)
FNDA:0,(anonymous_23)
FNDA:0,(anonymous_24)
FNDA:0,(anonymous_25)
FNDA:0,(anonymous_26)
FNDA:0,(anonymous_27)
FNDA:0,(anonymous_28)
FNDA:0,(anonymous_29)
FNDA:0,(anonymous_30)
FNDA:0,(anonymous_31)
DA:2,1
DA:3,0
DA:4,4
DA:5,0
DA:6,0
DA:7,4
DA:8,4
DA:11,1
DA:12,1
DA:13,1
DA:14,1
DA:15,1
DA:18,1
DA:21,1
DA:22,1
DA:26,1
DA:27,1
DA:31,1
DA:32,1
DA:36,1
DA:37,1
DA:41,0
DA:42,0
DA:46,0
DA:47,0
DA:51,0
DA:52,0
DA:56,0
DA:57,0
DA:58,0
DA:59,0
DA:60,0
DA:62,0
DA:63,0
DA:64,0
DA:65,0
DA:66,0
DA:68,0
DA:71,0
DA:73,0
DA:74,0
DA:84,0
DA:99,0
DA:100,0
DA:101,0
DA:102,0
DA:103,0
DA:104,0
DA:105,0
DA:108,0
DA:113,0
DA:114,0
DA:116,0
DA:117,0
DA:120,0
DA:134,0
DA:138,0
DA:139,0
DA:140,0
DA:141,0
DA:142,0
DA:143,0
DA:144,0
DA:145,0
DA:146,0
DA:148,0
DA:149,0
DA:150,0
DA:152,0
DA:155,0
DA:156,0
DA:157,0
DA:158,0
DA:159,0
DA:160,0
DA:161,0
DA:162,0
DA:163,0
DA:164,0
DA:165,0
DA:166,0
DA:167,0
DA:168,0
DA:169,0
DA:170,0
DA:171,0
DA:172,0
DA:173,0
DA:174,0
DA:175,0
DA:176,0
DA:177,0
DA:180,0
DA:185,1
LF:94
LH:19
BRDA:2,0,0,1
BRDA:2,0,1,1
BRDA:2,0,2,1
BRDA:3,1,0,0
BRDA:3,1,1,0
BRDA:4,2,0,4
BRDA:4,2,1,4
BRDA:7,3,0,4
BRDA:7,3,1,0
BRDA:8,4,0,4
BRDA:8,4,1,4
BRDA:59,5,0,0
BRDA:59,5,1,0
BRDA:76,6,0,0
BRDA:76,6,1,0
BRDA:77,7,0,0
BRDA:77,7,1,0
BRDA:78,8,0,0
BRDA:78,8,1,0
BRDA:79,9,0,0
BRDA:79,9,1,0
BRDA:80,10,0,0
BRDA:80,10,1,0
BRDA:145,11,0,0
BRDA:145,11,1,0
BRDA:145,12,0,0
BRDA:145,12,1,0
BRF:27
BRH:8
end_of_record
TN:
SF:src\application\services\UserService.js
FN:2,(anonymous_0)
FN:6,(anonymous_1)
FN:9,(anonymous_2)
FN:13,(anonymous_3)
FN:15,(anonymous_4)
FN:18,(anonymous_5)
FN:25,(anonymous_6)
FN:26,adopt
FN:26,(anonymous_8)
FN:27,(anonymous_9)
FN:28,fulfilled
FN:29,rejected
FN:30,step
FN:40,(anonymous_13)
FN:43,(anonymous_14)
FN:44,(anonymous_15)
FN:50,(anonymous_16)
FN:52,(anonymous_17)
FN:89,(anonymous_18)
FN:90,(anonymous_19)
FN:94,(anonymous_20)
FN:95,(anonymous_21)
FN:99,(anonymous_22)
FN:100,(anonymous_23)
FN:104,(anonymous_24)
FN:105,(anonymous_25)
FN:109,(anonymous_26)
FN:110,(anonymous_27)
FN:114,(anonymous_28)
FN:115,(anonymous_29)
FN:119,(anonymous_30)
FN:120,(anonymous_31)
FN:137,(anonymous_32)
FN:138,(anonymous_33)
FN:144,(anonymous_34)
FN:145,(anonymous_35)
FN:150,(anonymous_36)
FN:164,(anonymous_37)
FN:165,(anonymous_38)
FN:202,(anonymous_39)
FN:214,(anonymous_40)
FN:215,(anonymous_41)
FN:221,(anonymous_42)
FN:257,(anonymous_43)
FN:270,(anonymous_44)
FN:271,(anonymous_45)
FN:293,(anonymous_46)
FN:294,(anonymous_47)
FNF:48
FNH:29
FNDA:523,(anonymous_0)
FNDA:5,(anonymous_1)
FNDA:0,(anonymous_2)
FNDA:2,(anonymous_3)
FNDA:0,(anonymous_4)
FNDA:2,(anonymous_5)
FNDA:10,(anonymous_6)
FNDA:6,adopt
FNDA:1,(anonymous_8)
FNDA:10,(anonymous_9)
FNDA:6,fulfilled
FNDA:0,rejected
FNDA:16,step
FNDA:3,(anonymous_13)
FNDA:1,(anonymous_14)
FNDA:1,(anonymous_15)
FNDA:11,(anonymous_16)
FNDA:11,(anonymous_17)
FNDA:0,(anonymous_18)
FNDA:0,(anonymous_19)
FNDA:1,(anonymous_20)
FNDA:1,(anonymous_21)
FNDA:2,(anonymous_22)
FNDA:2,(anonymous_23)
FNDA:2,(anonymous_24)
FNDA:2,(anonymous_25)
FNDA:1,(anonymous_26)
FNDA:1,(anonymous_27)
FNDA:1,(anonymous_28)
FNDA:1,(anonymous_29)
FNDA:1,(anonymous_30)
FNDA:1,(anonymous_31)
FNDA:1,(anonymous_32)
FNDA:1,(anonymous_33)
FNDA:0,(anonymous_34)
FNDA:0,(anonymous_35)
FNDA:0,(anonymous_36)
FNDA:0,(anonymous_37)
FNDA:0,(anonymous_38)
FNDA:0,(anonymous_39)
FNDA:0,(anonymous_40)
FNDA:0,(anonymous_41)
FNDA:0,(anonymous_42)
FNDA:0,(anonymous_43)
FNDA:0,(anonymous_44)
FNDA:0,(anonymous_45)
FNDA:0,(anonymous_46)
FNDA:0,(anonymous_47)
DA:2,1
DA:3,523
DA:4,523
DA:5,523
DA:6,523
DA:8,523
DA:10,0
DA:11,0
DA:13,1
DA:14,2
DA:16,0
DA:18,1
DA:19,2
DA:20,2
DA:21,523
DA:22,2
DA:23,2
DA:25,1
DA:26,6
DA:27,10
DA:28,6
DA:29,0
DA:30,16
DA:31,10
DA:34,1
DA:35,1
DA:36,1
DA:37,1
DA:38,1
DA:41,3
DA:44,1
DA:45,1
DA:46,1
DA:47,1
DA:48,1
DA:49,1
DA:50,11
DA:51,1
DA:52,1
DA:53,11
DA:54,11
DA:55,11
DA:57,1
DA:59,1
DA:60,1
DA:61,1
DA:62,1
DA:63,1
DA:64,1
DA:66,1
DA:67,1
DA:72,1
DA:77,1
DA:78,1
DA:80,1
DA:81,1
DA:83,1
DA:85,1
DA:86,1
DA:90,0
DA:91,0
DA:95,1
DA:96,1
DA:100,2
DA:101,2
DA:105,2
DA:106,2
DA:110,1
DA:111,1
DA:115,1
DA:116,1
DA:120,1
DA:121,1
DA:122,1
DA:123,1
DA:124,1
DA:125,1
DA:126,1
DA:129,0
DA:130,0
DA:133,0
DA:138,1
DA:139,1
DA:140,1
DA:141,1
DA:145,0
DA:146,0
DA:147,0
DA:151,0
DA:152,0
DA:153,0
DA:154,0
DA:155,0
DA:156,0
DA:157,0
DA:158,0
DA:159,0
DA:160,0
DA:161,0
DA:162,0
DA:165,0
DA:167,0
DA:174,0
DA:175,0
DA:176,0
DA:177,0
DA:178,0
DA:202,0
DA:203,0
DA:204,0
DA:205,0
DA:208,0
DA:209,0
DA:215,0
DA:216,0
DA:218,0
DA:219,0
DA:221,0
DA:223,0
DA:230,0
DA:231,0
DA:232,0
DA:233,0
DA:257,0
DA:258,0
DA:259,0
DA:260,0
DA:263,0
DA:264,0
DA:271,0
DA:272,0
DA:273,0
DA:274,0
DA:275,0
DA:277,0
DA:278,0
DA:279,0
DA:281,0
DA:282,0
DA:283,0
DA:284,0
DA:286,0
DA:289,0
DA:294,0
DA:295,0
DA:296,0
DA:297,0
DA:298,0
DA:300,0
DA:303,0
DA:308,1
LF:151
LH:77
BRDA:2,0,0,1
BRDA:2,0,1,1
BRDA:2,0,2,1
BRDA:2,1,0,1
BRDA:2,1,1,0
BRDA:3,2,0,523
BRDA:3,2,1,0
BRDA:5,3,0,523
BRDA:5,3,1,0
BRDA:5,4,0,523
BRDA:5,4,1,523
BRDA:5,5,0,510
BRDA:5,5,1,13
BRDA:5,6,0,13
BRDA:5,6,1,0
BRDA:10,7,0,0
BRDA:10,7,1,0
BRDA:13,8,0,1
BRDA:13,8,1,1
BRDA:13,8,2,1
BRDA:13,9,0,1
BRDA:13,9,1,0
BRDA:18,10,0,1
BRDA:18,10,1,1
BRDA:18,10,2,1
BRDA:19,11,0,0
BRDA:19,11,1,2
BRDA:19,12,0,2
BRDA:19,12,1,2
BRDA:21,13,0,2
BRDA:21,13,1,0
BRDA:21,14,0,523
BRDA:21,14,1,0
BRDA:21,15,0,523
BRDA:21,15,1,523
BRDA:25,16,0,1
BRDA:25,16,1,1
BRDA:25,16,2,1
BRDA:26,17,0,5
BRDA:26,17,1,1
BRDA:27,18,0,10
BRDA:27,18,1,10
BRDA:30,19,0,10
BRDA:30,19,1,6
BRDA:31,20,0,10
BRDA:31,20,1,10
BRDA:123,21,0,1
BRDA:123,21,1,0
BRDA:125,22,0,1
BRDA:125,22,1,0
BRDA:203,23,0,0
BRDA:203,23,1,0
BRDA:218,24,0,0
BRDA:218,24,1,0
BRDA:258,25,0,0
BRDA:258,25,1,0
BRDA:273,26,0,0
BRDA:273,26,1,0
BRDA:274,27,0,0
BRDA:274,27,1,0
BRDA:278,28,0,0
BRDA:278,28,1,0
BRDA:282,29,0,0
BRDA:282,29,1,0
BRDA:282,30,0,0
BRDA:282,30,1,0
BRDA:283,31,0,0
BRDA:283,31,1,0
BRDA:297,32,0,0
BRDA:297,32,1,0
BRF:70
BRH:38
end_of_record
TN:
SF:src\domain\entities\Food.js
FN:5,(anonymous_0)
FN:15,(anonymous_1)
FNF:2
FNH:1
FNDA:1,(anonymous_0)
FNDA:0,(anonymous_1)
DA:2,1
DA:3,1
DA:6,1
DA:7,1
DA:8,1
DA:9,1
DA:10,1
DA:11,1
DA:12,1
DA:13,1
DA:16,0
DA:28,1
LF:12
LH:11
BRF:0
BRH:0
end_of_record
TN:
SF:src\domain\entities\Plate.js
FN:5,(anonymous_0)
FNF:1
FNH:1
FNDA:1,(anonymous_0)
DA:2,1
DA:3,1
DA:6,1
DA:7,1
DA:8,1
DA:9,1
DA:10,1
DA:11,1
DA:12,1
DA:13,1
DA:14,1
DA:15,1
DA:16,1
DA:17,1
DA:18,1
DA:19,1
DA:22,1
LF:17
LH:17
BRF:0
BRH:0
end_of_record
TN:
SF:src\domain\entities\Report.js
FN:5,(anonymous_0)
FNF:1
FNH:1
FNDA:1,(anonymous_0)
DA:2,1
DA:3,1
DA:6,1
DA:7,1
DA:8,1
DA:9,1
DA:10,1
DA:13,1
LF:8
LH:8
BRF:0
BRH:0
end_of_record
TN:
SF:src\domain\entities\User.js
FN:5,(anonymous_0)
FNF:1
FNH:1
FNDA:1,(anonymous_0)
DA:2,1
DA:3,1
DA:6,1
DA:7,1
DA:8,1
DA:9,1
DA:10,1
DA:11,1
DA:12,1
DA:13,1
DA:14,1
DA:15,1
DA:16,1
DA:17,1
DA:18,1
DA:19,1
DA:20,1
DA:21,1
DA:22,1
DA:23,1
DA:24,1
DA:25,1
DA:26,1
DA:27,1
DA:28,1
DA:29,1
DA:30,1
DA:31,1
DA:32,1
DA:33,1
DA:36,1
LF:31
LH:31
BRF:0
BRH:0
end_of_record
TN:
SF:src\domain\entities\glycemia.js
FN:5,(anonymous_0)
FNF:1
FNH:1
FNDA:1,(anonymous_0)
DA:2,1
DA:3,1
DA:6,1
DA:7,1
DA:10,1
LF:5
LH:5
BRF:0
BRH:0
end_of_record
TN:
SF:src\infrastructure\database\dbconfig.js
FN:2,(anonymous_0)
FNF:1
FNH:1
FNDA:1,(anonymous_0)
DA:2,1
DA:3,1
DA:5,1
DA:6,1
DA:7,1
DA:16,1
LF:6
LH:6
BRDA:2,0,0,1
BRDA:2,0,1,1
BRDA:2,0,2,1
BRDA:3,1,0,0
BRDA:3,1,1,1
BRDA:3,2,0,1
BRDA:3,2,1,1
BRF:7
BRH:6
end_of_record
TN:
SF:src\infrastructure\repositories\MySQLFoodRepository.js
FN:2,(anonymous_0)
FN:3,adopt
FN:3,(anonymous_2)
FN:4,(anonymous_3)
FN:5,fulfilled
FN:6,rejected
FN:7,step
FN:11,(anonymous_7)
FN:18,(anonymous_8)
FN:19,(anonymous_9)
FN:22,(anonymous_10)
FN:32,(anonymous_11)
FN:33,(anonymous_12)
FN:44,(anonymous_13)
FN:45,(anonymous_14)
FN:57,(anonymous_15)
FN:58,(anonymous_16)
FN:81,(anonymous_17)
FN:106,(anonymous_18)
FN:107,(anonymous_19)
FN:123,(anonymous_20)
FN:159,(anonymous_21)
FNF:22
FNH:10
FNDA:2,(anonymous_0)
FNDA:7,adopt
FNDA:0,(anonymous_2)
FNDA:2,(anonymous_3)
FNDA:7,fulfilled
FNDA:0,rejected
FNDA:9,step
FNDA:1,(anonymous_7)
FNDA:0,(anonymous_8)
FNDA:0,(anonymous_9)
FNDA:0,(anonymous_10)
FNDA:0,(anonymous_11)
FNDA:0,(anonymous_12)
FNDA:1,(anonymous_13)
FNDA:1,(anonymous_14)
FNDA:0,(anonymous_15)
FNDA:0,(anonymous_16)
FNDA:0,(anonymous_17)
FNDA:1,(anonymous_18)
FNDA:1,(anonymous_19)
FNDA:0,(anonymous_20)
FNDA:0,(anonymous_21)
DA:2,1
DA:3,7
DA:4,2
DA:5,7
DA:6,0
DA:7,9
DA:8,2
DA:11,1
DA:12,1
DA:14,1
DA:15,1
DA:16,1
DA:19,0
DA:20,0
DA:21,0
DA:22,0
DA:23,0
DA:24,0
DA:25,0
DA:28,0
DA:33,0
DA:34,0
DA:35,0
DA:36,0
DA:37,0
DA:40,0
DA:45,1
DA:46,1
DA:47,1
DA:48,1
DA:49,1
DA:50,1
DA:53,1
DA:58,0
DA:59,0
DA:60,0
DA:61,0
DA:62,0
DA:63,0
DA:64,0
DA:65,0
DA:66,0
DA:67,0
DA:68,0
DA:70,0
DA:72,0
DA:82,0
DA:94,0
DA:95,0
DA:98,0
DA:99,0
DA:102,0
DA:107,1
DA:108,1
DA:109,1
DA:110,1
DA:111,1
DA:112,1
DA:114,1
DA:124,0
DA:136,1
DA:137,1
DA:138,0
DA:139,0
DA:140,0
DA:143,0
DA:146,1
DA:148,0
DA:149,0
DA:150,0
DA:160,0
DA:172,0
DA:173,0
DA:176,0
DA:177,0
DA:180,1
DA:185,1
LF:77
LH:30
BRDA:2,0,0,1
BRDA:2,0,1,1
BRDA:2,0,2,1
BRDA:3,1,0,7
BRDA:3,1,1,0
BRDA:4,2,0,2
BRDA:4,2,1,2
BRDA:7,3,0,2
BRDA:7,3,1,7
BRDA:8,4,0,2
BRDA:8,4,1,2
BRDA:11,5,0,1
BRDA:11,5,1,1
BRDA:11,5,2,1
BRDA:12,6,0,1
BRDA:12,6,1,0
BRDA:12,7,0,1
BRDA:12,7,1,1
BRDA:68,8,0,0
BRDA:68,8,1,0
BRDA:112,9,0,1
BRDA:112,9,1,0
BRDA:137,10,0,0
BRDA:137,10,1,1
BRDA:137,11,0,1
BRDA:137,11,1,0
BRF:26
BRH:19
end_of_record
TN:
SF:src\infrastructure\repositories\MySQLPlateRepository.js
FN:2,(anonymous_0)
FN:3,adopt
FN:3,(anonymous_2)
FN:4,(anonymous_3)
FN:5,fulfilled
FN:6,rejected
FN:7,step
FN:11,(anonymous_7)
FN:18,(anonymous_8)
FN:19,(anonymous_9)
FN:34,(anonymous_10)
FN:35,(anonymous_11)
FN:50,(anonymous_12)
FN:51,(anonymous_13)
FNF:14
FNH:8
FNDA:1,(anonymous_0)
FNDA:10,adopt
FNDA:0,(anonymous_2)
FNDA:1,(anonymous_3)
FNDA:10,fulfilled
FNDA:0,rejected
FNDA:11,step
FNDA:1,(anonymous_7)
FNDA:0,(anonymous_8)
FNDA:0,(anonymous_9)
FNDA:0,(anonymous_10)
FNDA:0,(anonymous_11)
FNDA:1,(anonymous_12)
FNDA:1,(anonymous_13)
DA:2,1
DA:3,10
DA:4,1
DA:5,10
DA:6,0
DA:7,11
DA:8,1
DA:11,1
DA:12,1
DA:14,1
DA:15,1
DA:16,1
DA:19,0
DA:20,0
DA:21,0
DA:22,0
DA:23,0
DA:26,0
DA:27,0
DA:30,0
DA:35,0
DA:36,0
DA:37,0
DA:38,0
DA:39,0
DA:42,0
DA:43,0
DA:46,0
DA:51,1
DA:52,1
DA:53,1
DA:54,1
DA:56,1
DA:57,1
DA:58,1
DA:75,1
DA:76,3
DA:77,3
DA:78,3
DA:81,0
DA:84,1
DA:85,1
DA:88,0
DA:89,0
DA:92,1
DA:97,1
LF:46
LH:26
BRDA:2,0,0,1
BRDA:2,0,1,1
BRDA:2,0,2,1
BRDA:3,1,0,10
BRDA:3,1,1,0
BRDA:4,2,0,1
BRDA:4,2,1,1
BRDA:7,3,0,1
BRDA:7,3,1,10
BRDA:8,4,0,1
BRDA:8,4,1,1
BRDA:11,5,0,1
BRDA:11,5,1,1
BRDA:11,5,2,1
BRDA:12,6,0,1
BRDA:12,6,1,0
BRDA:12,7,0,1
BRDA:12,7,1,1
BRDA:77,8,0,3
BRDA:77,8,1,0
BRF:20
BRH:17
end_of_record
TN:
SF:src\infrastructure\repositories\MySQLReportRepository.js
FN:2,(anonymous_0)
FN:3,adopt
FN:3,(anonymous_2)
FN:4,(anonymous_3)
FN:5,fulfilled
FN:6,rejected
FN:7,step
FN:11,(anonymous_7)
FN:19,(anonymous_8)
FN:20,(anonymous_9)
FN:23,(anonymous_10)
FN:39,(anonymous_11)
FN:40,(anonymous_12)
FN:60,(anonymous_13)
FN:61,(anonymous_14)
FN:81,(anonymous_15)
FN:82,(anonymous_16)
FN:102,(anonymous_17)
FN:103,(anonymous_18)
FN:119,(anonymous_19)
FN:120,(anonymous_20)
FN:150,(anonymous_21)
FN:151,(anonymous_22)
FN:185,(anonymous_23)
FN:186,(anonymous_24)
FN:208,(anonymous_25)
FN:209,(anonymous_26)
FN:218,(anonymous_27)
FN:219,(anonymous_28)
FN:234,(anonymous_29)
FN:235,(anonymous_30)
FN:250,(anonymous_31)
FN:251,(anonymous_32)
FN:316,(anonymous_33)
FNF:34
FNH:15
FNDA:4,(anonymous_0)
FNDA:12,adopt
FNDA:0,(anonymous_2)
FNDA:4,(anonymous_3)
FNDA:12,fulfilled
FNDA:0,rejected
FNDA:16,step
FNDA:1,(anonymous_7)
FNDA:1,(anonymous_8)
FNDA:1,(anonymous_9)
FNDA:2,(anonymous_10)
FNDA:0,(anonymous_11)
FNDA:0,(anonymous_12)
FNDA:0,(anonymous_13)
FNDA:0,(anonymous_14)
FNDA:0,(anonymous_15)
FNDA:0,(anonymous_16)
FNDA:1,(anonymous_17)
FNDA:1,(anonymous_18)
FNDA:1,(anonymous_19)
FNDA:1,(anonymous_20)
FNDA:1,(anonymous_21)
FNDA:1,(anonymous_22)
FNDA:0,(anonymous_23)
FNDA:0,(anonymous_24)
FNDA:0,(anonymous_25)
FNDA:0,(anonymous_26)
FNDA:0,(anonymous_27)
FNDA:0,(anonymous_28)
FNDA:0,(anonymous_29)
FNDA:0,(anonymous_30)
FNDA:0,(anonymous_31)
FNDA:0,(anonymous_32)
FNDA:0,(anonymous_33)
DA:2,1
DA:3,12
DA:4,4
DA:5,12
DA:6,0
DA:7,16
DA:8,4
DA:11,1
DA:12,1
DA:14,1
DA:15,1
DA:16,1
DA:20,1
DA:21,1
DA:22,1
DA:23,2
DA:24,1
DA:25,1
DA:26,1
DA:27,1
DA:28,1
DA:31,0
DA:32,0
DA:35,1
DA:40,0
DA:41,0
DA:42,0
DA:43,0
DA:44,0
DA:45,0
DA:46,0
DA:47,0
DA:49,0
DA:52,0
DA:53,0
DA:56,0
DA:61,0
DA:62,0
DA:63,0
DA:64,0
DA:65,0
DA:66,0
DA:67,0
DA:68,0
DA:70,0
DA:73,0
DA:74,0
DA:77,0
DA:82,0
DA:83,0
DA:84,0
DA:85,0
DA:86,0
DA:87,0
DA:88,0
DA:89,0
DA:91,0
DA:94,0
DA:95,0
DA:98,0
DA:103,1
DA:104,1
DA:105,1
DA:106,1
DA:107,1
DA:108,1
DA:111,0
DA:112,0
DA:115,1
DA:120,1
DA:121,1
DA:122,1
DA:123,1
DA:124,1
DA:125,1
DA:126,1
DA:127,1
DA:128,1
DA:129,1
DA:130,1
DA:138,1
DA:139,1
DA:142,0
DA:143,0
DA:146,1
DA:151,1
DA:152,1
DA:153,1
DA:154,1
DA:155,1
DA:169,1
DA:170,1
DA:171,0
DA:173,1
DA:176,0
DA:177,0
DA:178,0
DA:181,1
DA:186,0
DA:188,0
DA:189,0
DA:190,0
DA:191,0
DA:192,0
DA:193,0
DA:195,0
DA:198,0
DA:199,0
DA:202,0
DA:203,0
DA:209,0
DA:210,0
DA:211,0
DA:212,0
DA:214,0
DA:215,0
DA:219,0
DA:220,0
DA:221,0
DA:222,0
DA:224,0
DA:225,0
DA:226,0
DA:229,0
DA:231,0
DA:235,0
DA:236,0
DA:237,0
DA:238,0
DA:240,0
DA:241,0
DA:242,0
DA:245,0
DA:247,0
DA:251,0
DA:252,0
DA:253,0
DA:254,0
DA:255,0
DA:256,0
DA:257,0
DA:258,0
DA:260,0
DA:261,0
DA:262,0
DA:264,0
DA:265,0
DA:268,0
DA:271,0
DA:272,0
DA:273,0
DA:275,0
DA:276,0
DA:279,0
DA:282,0
DA:283,0
DA:284,0
DA:286,0
DA:287,0
DA:290,0
DA:293,0
DA:316,0
DA:317,0
DA:322,1
LF:164
LH:52
BRDA:2,0,0,1
BRDA:2,0,1,1
BRDA:2,0,2,1
BRDA:3,1,0,12
BRDA:3,1,1,0
BRDA:4,2,0,4
BRDA:4,2,1,4
BRDA:7,3,0,4
BRDA:7,3,1,12
BRDA:8,4,0,4
BRDA:8,4,1,4
BRDA:11,5,0,1
BRDA:11,5,1,1
BRDA:11,5,2,1
BRDA:12,6,0,1
BRDA:12,6,1,0
BRDA:12,7,0,1
BRDA:12,7,1,1
BRDA:26,8,0,1
BRDA:26,8,1,0
BRDA:46,9,0,0
BRDA:46,9,1,0
BRDA:67,10,0,0
BRDA:67,10,1,0
BRDA:88,11,0,0
BRDA:88,11,1,0
BRDA:170,12,0,0
BRDA:170,12,1,1
BRDA:192,13,0,0
BRDA:192,13,1,0
BRDA:202,14,0,0
BRDA:202,14,1,0
BRDA:211,15,0,0
BRDA:211,15,1,0
BRDA:221,16,0,0
BRDA:221,16,1,0
BRDA:225,17,0,0
BRDA:225,17,1,0
BRDA:237,18,0,0
BRDA:237,18,1,0
BRDA:241,19,0,0
BRDA:241,19,1,0
BRDA:257,20,0,0
BRDA:257,20,1,0
BRDA:257,21,0,0
BRDA:257,21,1,0
BRDA:257,21,2,0
BRDA:257,21,3,0
BRDA:261,22,0,0
BRDA:261,22,1,0
BRDA:261,23,0,0
BRDA:261,23,1,0
BRDA:261,24,0,0
BRDA:261,24,1,0
BRDA:264,25,0,0
BRDA:264,25,1,0
BRDA:264,26,0,0
BRDA:264,26,1,0
BRDA:272,27,0,0
BRDA:272,27,1,0
BRDA:275,28,0,0
BRDA:275,28,1,0
BRDA:275,29,0,0
BRDA:275,29,1,0
BRDA:283,30,0,0
BRDA:283,30,1,0
BRDA:286,31,0,0
BRDA:286,31,1,0
BRDA:286,32,0,0
BRDA:286,32,1,0
BRF:70
BRH:18
end_of_record
TN:
SF:src\infrastructure\repositories\MySQLUserRepository.js
FN:2,(anonymous_0)
FN:6,(anonymous_1)
FN:9,(anonymous_2)
FN:13,(anonymous_3)
FN:15,(anonymous_4)
FN:18,(anonymous_5)
FN:25,(anonymous_6)
FN:26,adopt
FN:26,(anonymous_8)
FN:27,(anonymous_9)
FN:28,fulfilled
FN:29,rejected
FN:30,step
FN:34,(anonymous_13)
FN:44,(anonymous_14)
FN:45,(anonymous_15)
FN:49,(anonymous_16)
FN:50,(anonymous_17)
FN:59,(anonymous_18)
FN:60,(anonymous_19)
FN:73,(anonymous_20)
FN:74,(anonymous_21)
FN:77,(anonymous_22)
FN:87,(anonymous_23)
FN:88,(anonymous_24)
FN:92,(anonymous_25)
FN:100,(anonymous_26)
FN:101,(anonymous_27)
FN:114,(anonymous_28)
FN:115,(anonymous_29)
FN:127,(anonymous_30)
FN:128,(anonymous_31)
FN:143,(anonymous_32)
FN:144,(anonymous_33)
FN:156,(anonymous_34)
FN:157,(anonymous_35)
FN:167,(anonymous_36)
FN:168,(anonymous_37)
FN:192,(anonymous_38)
FN:193,(anonymous_39)
FN:215,(anonymous_40)
FN:216,(anonymous_41)
FN:239,(anonymous_42)
FN:240,(anonymous_43)
FN:262,(anonymous_44)
FN:263,(anonymous_45)
FNF:46
FNH:30
FNDA:11,(anonymous_0)
FNDA:2,(anonymous_1)
FNDA:0,(anonymous_2)
FNDA:1,(anonymous_3)
FNDA:0,(anonymous_4)
FNDA:1,(anonymous_5)
FNDA:10,(anonymous_6)
FNDA:27,adopt
FNDA:0,(anonymous_8)
FNDA:10,(anonymous_9)
FNDA:27,fulfilled
FNDA:0,rejected
FNDA:37,step
FNDA:2,(anonymous_13)
FNDA:1,(anonymous_14)
FNDA:1,(anonymous_15)
FNDA:11,(anonymous_16)
FNDA:11,(anonymous_17)
FNDA:0,(anonymous_18)
FNDA:0,(anonymous_19)
FNDA:1,(anonymous_20)
FNDA:1,(anonymous_21)
FNDA:2,(anonymous_22)
FNDA:2,(anonymous_23)
FNDA:2,(anonymous_24)
FNDA:4,(anonymous_25)
FNDA:2,(anonymous_26)
FNDA:2,(anonymous_27)
FNDA:1,(anonymous_28)
FNDA:1,(anonymous_29)
FNDA:1,(anonymous_30)
FNDA:1,(anonymous_31)
FNDA:0,(anonymous_32)
FNDA:0,(anonymous_33)
FNDA:0,(anonymous_34)
FNDA:0,(anonymous_35)
FNDA:1,(anonymous_36)
FNDA:1,(anonymous_37)
FNDA:1,(anonymous_38)
FNDA:1,(anonymous_39)
FNDA:0,(anonymous_40)
FNDA:0,(anonymous_41)
FNDA:0,(anonymous_42)
FNDA:0,(anonymous_43)
FNDA:0,(anonymous_44)
FNDA:0,(anonymous_45)
DA:2,1
DA:3,11
DA:4,11
DA:5,11
DA:6,11
DA:8,11
DA:10,0
DA:11,0
DA:13,1
DA:14,1
DA:16,0
DA:18,1
DA:19,1
DA:20,1
DA:21,11
DA:22,1
DA:23,1
DA:25,1
DA:26,27
DA:27,10
DA:28,27
DA:29,0
DA:30,37
DA:31,10
DA:34,1
DA:35,2
DA:37,1
DA:38,1
DA:39,1
DA:40,1
DA:41,1
DA:42,1
DA:45,1
DA:46,1
DA:47,1
DA:48,1
DA:49,11
DA:50,11
DA:51,1
DA:52,1
DA:55,1
DA:60,0
DA:61,0
DA:62,0
DA:63,0
DA:64,0
DA:65,0
DA:66,0
DA:69,0
DA:74,1
DA:75,1
DA:76,1
DA:77,2
DA:78,1
DA:79,1
DA:80,1
DA:83,1
DA:88,2
DA:89,2
DA:90,2
DA:91,2
DA:92,4
DA:93,2
DA:96,2
DA:101,2
DA:102,2
DA:103,2
DA:104,2
DA:105,2
DA:106,2
DA:107,2
DA:110,2
DA:115,1
DA:116,1
DA:117,1
DA:118,1
DA:119,1
DA:120,1
DA:123,1
DA:128,1
DA:129,1
DA:130,1
DA:131,1
DA:132,1
DA:133,1
DA:134,0
DA:136,1
DA:139,1
DA:144,0
DA:145,0
DA:146,0
DA:147,0
DA:148,0
DA:149,0
DA:152,0
DA:157,0
DA:158,0
DA:159,0
DA:160,0
DA:163,0
DA:168,1
DA:169,1
DA:170,1
DA:171,1
DA:172,1
DA:173,1
DA:174,1
DA:175,1
DA:176,1
DA:177,1
DA:178,2
DA:180,1
DA:181,1
DA:184,0
DA:185,0
DA:188,1
DA:193,1
DA:195,1
DA:196,1
DA:197,1
DA:198,1
DA:199,1
DA:200,0
DA:202,1
DA:205,0
DA:206,0
DA:209,1
DA:210,1
DA:216,0
DA:218,0
DA:219,0
DA:220,0
DA:221,0
DA:222,0
DA:223,0
DA:225,0
DA:226,0
DA:229,0
DA:230,0
DA:233,0
DA:234,0
DA:240,0
DA:242,0
DA:243,0
DA:244,0
DA:245,0
DA:246,0
DA:247,0
DA:249,0
DA:252,0
DA:253,0
DA:256,0
DA:257,0
DA:263,0
DA:264,0
DA:265,0
DA:267,0
DA:268,0
DA:269,0
DA:270,0
DA:271,0
DA:272,0
DA:274,0
DA:277,0
DA:278,0
DA:281,0
DA:282,0
DA:288,1
LF:168
LH:99
BRDA:2,0,0,1
BRDA:2,0,1,1
BRDA:2,0,2,1
BRDA:2,1,0,1
BRDA:2,1,1,0
BRDA:3,2,0,11
BRDA:3,2,1,0
BRDA:5,3,0,11
BRDA:5,3,1,0
BRDA:5,4,0,11
BRDA:5,4,1,11
BRDA:5,5,0,0
BRDA:5,5,1,11
BRDA:5,6,0,11
BRDA:5,6,1,0
BRDA:10,7,0,0
BRDA:10,7,1,0
BRDA:13,8,0,1
BRDA:13,8,1,1
BRDA:13,8,2,1
BRDA:13,9,0,1
BRDA:13,9,1,0
BRDA:18,10,0,1
BRDA:18,10,1,1
BRDA:18,10,2,1
BRDA:19,11,0,0
BRDA:19,11,1,1
BRDA:19,12,0,1
BRDA:19,12,1,1
BRDA:21,13,0,1
BRDA:21,13,1,0
BRDA:21,14,0,11
BRDA:21,14,1,0
BRDA:21,15,0,11
BRDA:21,15,1,11
BRDA:25,16,0,1
BRDA:25,16,1,1
BRDA:25,16,2,1
BRDA:26,17,0,27
BRDA:26,17,1,0
BRDA:27,18,0,10
BRDA:27,18,1,10
BRDA:30,19,0,10
BRDA:30,19,1,27
BRDA:31,20,0,10
BRDA:31,20,1,10
BRDA:34,21,0,1
BRDA:34,21,1,1
BRDA:34,21,2,1
BRDA:35,22,0,1
BRDA:35,22,1,1
BRDA:35,23,0,2
BRDA:35,23,1,2
BRDA:64,24,0,0
BRDA:64,24,1,0
BRDA:105,25,0,2
BRDA:105,25,1,0
BRDA:133,26,0,0
BRDA:133,26,1,1
BRDA:148,27,0,0
BRDA:148,27,1,0
BRDA:171,28,0,1
BRDA:171,28,1,1
BRDA:199,29,0,0
BRDA:199,29,1,1
BRDA:209,30,0,1
BRDA:209,30,1,0
BRDA:221,31,0,0
BRDA:221,31,1,0
BRDA:222,32,0,0
BRDA:222,32,1,0
BRDA:233,33,0,0
BRDA:233,33,1,0
BRDA:246,34,0,0
BRDA:246,34,1,0
BRDA:256,35,0,0
BRDA:256,35,1,0
BRDA:271,36,0,0
BRDA:271,36,1,0
BRDA:281,37,0,0
BRDA:281,37,1,0
BRF:81
BRH:47
end_of_record
TN:
SF:src\interfaces\controllers\EmergencyController.js
FN:2,(anonymous_0)
FN:3,adopt
FN:3,(anonymous_2)
FN:4,(anonymous_3)
FN:5,fulfilled
FN:6,rejected
FN:7,step
FN:15,(anonymous_7)
FN:18,(anonymous_8)
FN:19,(anonymous_9)
FNF:10
FNH:1
FNDA:0,(anonymous_0)
FNDA:0,adopt
FNDA:0,(anonymous_2)
FNDA:0,(anonymous_3)
FNDA:0,fulfilled
FNDA:0,rejected
FNDA:0,step
FNDA:1,(anonymous_7)
FNDA:0,(anonymous_8)
FNDA:0,(anonymous_9)
DA:2,1
DA:3,0
DA:4,0
DA:5,0
DA:6,0
DA:7,0
DA:8,0
DA:11,1
DA:12,1
DA:13,1
DA:16,1
DA:19,0
DA:20,0
DA:21,0
DA:22,0
DA:23,0
DA:24,0
DA:27,0
DA:28,0
DA:33,1
LF:20
LH:6
BRDA:2,0,0,1
BRDA:2,0,1,1
BRDA:2,0,2,1
BRDA:3,1,0,0
BRDA:3,1,1,0
BRDA:4,2,0,0
BRDA:4,2,1,0
BRDA:7,3,0,0
BRDA:7,3,1,0
BRDA:8,4,0,0
BRDA:8,4,1,0
BRF:11
BRH:3
end_of_record
TN:
SF:src\interfaces\controllers\FoodController.js
FN:2,(anonymous_0)
FN:3,adopt
FN:3,(anonymous_2)
FN:4,(anonymous_3)
FN:5,fulfilled
FN:6,rejected
FN:7,step
FN:16,(anonymous_7)
FN:19,(anonymous_8)
FN:20,(anonymous_9)
FN:31,(anonymous_10)
FN:32,(anonymous_11)
FNF:12
FNH:10
FNDA:2,(anonymous_0)
FNDA:2,adopt
FNDA:0,(anonymous_2)
FNDA:2,(anonymous_3)
FNDA:2,fulfilled
FNDA:0,rejected
FNDA:4,step
FNDA:1,(anonymous_7)
FNDA:1,(anonymous_8)
FNDA:1,(anonymous_9)
FNDA:1,(anonymous_10)
FNDA:1,(anonymous_11)
DA:2,1
DA:3,2
DA:4,2
DA:5,2
DA:6,0
DA:7,4
DA:8,2
DA:11,1
DA:12,1
DA:13,1
DA:14,1
DA:17,1
DA:20,1
DA:21,1
DA:22,1
DA:23,1
DA:26,0
DA:27,0
DA:32,1
DA:33,1
DA:34,1
DA:35,1
DA:36,1
DA:39,0
DA:40,0
DA:45,1
LF:26
LH:21
BRDA:2,0,0,1
BRDA:2,0,1,1
BRDA:2,0,2,1
BRDA:3,1,0,2
BRDA:3,1,1,0
BRDA:4,2,0,2
BRDA:4,2,1,2
BRDA:7,3,0,2
BRDA:7,3,1,2
BRDA:8,4,0,2
BRDA:8,4,1,2
BRF:11
BRH:10
end_of_record
TN:
SF:src\interfaces\controllers\PlateController.js
FN:2,(anonymous_0)
FN:3,adopt
FN:3,(anonymous_2)
FN:4,(anonymous_3)
FN:5,fulfilled
FN:6,rejected
FN:7,step
FN:19,(anonymous_7)
FN:23,(anonymous_8)
FN:24,(anonymous_9)
FN:37,(anonymous_10)
FN:38,(anonymous_11)
FN:42,(anonymous_12)
FN:43,(anonymous_13)
FN:43,(anonymous_14)
FN:46,(anonymous_15)
FNF:16
FNH:8
FNDA:1,(anonymous_0)
FNDA:1,adopt
FNDA:0,(anonymous_2)
FNDA:1,(anonymous_3)
FNDA:1,fulfilled
FNDA:0,rejected
FNDA:2,step
FNDA:1,(anonymous_7)
FNDA:1,(anonymous_8)
FNDA:1,(anonymous_9)
FNDA:0,(anonymous_10)
FNDA:0,(anonymous_11)
FNDA:0,(anonymous_12)
FNDA:0,(anonymous_13)
FNDA:0,(anonymous_14)
FNDA:0,(anonymous_15)
DA:2,1
DA:3,1
DA:4,1
DA:5,1
DA:6,0
DA:7,2
DA:8,1
DA:11,1
DA:12,1
DA:13,1
DA:14,1
DA:15,1
DA:16,1
DA:17,1
DA:20,1
DA:21,1
DA:24,1
DA:25,1
DA:26,1
DA:27,1
DA:28,1
DA:29,1
DA:30,1
DA:33,0
DA:38,0
DA:39,0
DA:40,0
DA:41,0
DA:42,0
DA:43,0
DA:44,0
DA:46,0
DA:47,0
DA:49,0
DA:54,0
DA:55,0
DA:58,0
DA:63,1
LF:38
LH:23
BRDA:2,0,0,1
BRDA:2,0,1,1
BRDA:2,0,2,1
BRDA:3,1,0,1
BRDA:3,1,1,0
BRDA:4,2,0,1
BRDA:4,2,1,1
BRDA:7,3,0,1
BRDA:7,3,1,1
BRDA:8,4,0,1
BRDA:8,4,1,1
BRF:11
BRH:10
end_of_record
TN:
SF:src\interfaces\controllers\ReportController.js
FN:2,(anonymous_0)
FN:3,adopt
FN:3,(anonymous_2)
FN:4,(anonymous_3)
FN:5,fulfilled
FN:6,rejected
FN:7,step
FN:22,(anonymous_7)
FN:27,(anonymous_8)
FN:28,(anonymous_9)
FN:54,(anonymous_10)
FN:55,(anonymous_11)
FN:61,(anonymous_12)
FN:87,(anonymous_13)
FN:88,(anonymous_14)
FN:99,(anonymous_15)
FN:100,(anonymous_16)
FN:111,(anonymous_17)
FN:112,(anonymous_18)
FN:124,(anonymous_19)
FN:125,(anonymous_20)
FN:136,(anonymous_21)
FN:137,(anonymous_22)
FNF:23
FNH:11
FNDA:2,(anonymous_0)
FNDA:7,adopt
FNDA:0,(anonymous_2)
FNDA:2,(anonymous_3)
FNDA:7,fulfilled
FNDA:0,rejected
FNDA:9,step
FNDA:1,(anonymous_7)
FNDA:1,(anonymous_8)
FNDA:1,(anonymous_9)
FNDA:1,(anonymous_10)
FNDA:1,(anonymous_11)
FNDA:2,(anonymous_12)
FNDA:0,(anonymous_13)
FNDA:0,(anonymous_14)
FNDA:0,(anonymous_15)
FNDA:0,(anonymous_16)
FNDA:0,(anonymous_17)
FNDA:0,(anonymous_18)
FNDA:0,(anonymous_19)
FNDA:0,(anonymous_20)
FNDA:0,(anonymous_21)
FNDA:0,(anonymous_22)
DA:2,1
DA:3,7
DA:4,2
DA:5,7
DA:6,0
DA:7,9
DA:8,2
DA:11,1
DA:12,1
DA:13,1
DA:14,1
DA:15,1
DA:16,1
DA:17,1
DA:18,1
DA:19,1
DA:20,1
DA:23,1
DA:24,1
DA:25,1
DA:28,1
DA:29,1
DA:30,1
DA:31,1
DA:32,1
DA:33,1
DA:34,1
DA:35,1
DA:36,1
DA:37,3
DA:38,3
DA:39,3
DA:40,3
DA:42,0
DA:43,0
DA:47,1
DA:50,0
DA:55,1
DA:56,1
DA:57,1
DA:58,1
DA:59,1
DA:60,1
DA:61,2
DA:62,1
DA:63,1
DA:64,1
DA:65,1
DA:66,1
DA:67,1
DA:68,1
DA:69,1
DA:70,1
DA:71,1
DA:72,1
DA:73,1
DA:74,1
DA:75,1
DA:78,0
DA:79,0
DA:83,0
DA:88,0
DA:89,0
DA:90,0
DA:91,0
DA:92,0
DA:95,0
DA:100,0
DA:101,0
DA:102,0
DA:103,0
DA:104,0
DA:107,0
DA:112,0
DA:113,0
DA:114,0
DA:115,0
DA:116,0
DA:117,0
DA:120,0
DA:125,0
DA:126,0
DA:127,0
DA:128,0
DA:129,0
DA:132,0
DA:137,0
DA:138,0
DA:139,0
DA:140,0
DA:141,0
DA:144,0
DA:149,1
LF:93
LH:55
BRDA:2,0,0,1
BRDA:2,0,1,1
BRDA:2,0,2,1
BRDA:3,1,0,7
BRDA:3,1,1,0
BRDA:4,2,0,2
BRDA:4,2,1,2
BRDA:7,3,0,2
BRDA:7,3,1,7
BRDA:8,4,0,2
BRDA:8,4,1,2
BRDA:38,5,0,3
BRDA:38,5,1,0
BRDA:39,6,0,3
BRDA:39,6,1,0
BRDA:42,7,0,0
BRDA:42,7,1,0
BRDA:64,8,0,0
BRDA:64,8,1,1
BRDA:64,9,0,1
BRDA:64,9,1,1
BRDA:66,10,0,0
BRDA:66,10,1,1
BRDA:66,11,0,1
BRDA:66,11,1,1
BRDA:67,12,0,1
BRDA:67,12,1,0
BRDA:67,13,0,1
BRDA:67,13,1,1
BRDA:73,14,0,1
BRDA:73,14,1,0
BRF:31
BRH:22
end_of_record
TN:
SF:src\interfaces\controllers\UserController.js
FN:2,(anonymous_0)
FN:3,adopt
FN:3,(anonymous_2)
FN:4,(anonymous_3)
FN:5,fulfilled
FN:6,rejected
FN:7,step
FN:11,(anonymous_7)
FN:22,(anonymous_8)
FN:32,(anonymous_9)
FN:35,(anonymous_10)
FN:36,(anonymous_11)
FN:48,(anonymous_12)
FN:49,(anonymous_13)
FN:62,(anonymous_14)
FN:63,(anonymous_15)
FN:74,(anonymous_16)
FN:75,(anonymous_17)
FN:88,(anonymous_18)
FN:89,(anonymous_19)
FN:90,(anonymous_20)
FN:95,(anonymous_21)
FN:95,(anonymous_22)
FN:106,(anonymous_23)
FN:107,(anonymous_24)
FN:124,(anonymous_25)
FN:125,(anonymous_26)
FN:139,(anonymous_27)
FN:140,(anonymous_28)
FN:150,(anonymous_29)
FN:151,(anonymous_30)
FN:162,(anonymous_31)
FN:163,(anonymous_32)
FN:174,(anonymous_33)
FN:175,(anonymous_34)
FN:188,(anonymous_35)
FN:189,(anonymous_36)
FNF:37
FNH:18
FNDA:4,(anonymous_0)
FNDA:7,adopt
FNDA:0,(anonymous_2)
FNDA:4,(anonymous_3)
FNDA:7,fulfilled
FNDA:0,rejected
FNDA:11,step
FNDA:1,(anonymous_7)
FNDA:1,(anonymous_8)
FNDA:1,(anonymous_9)
FNDA:0,(anonymous_10)
FNDA:0,(anonymous_11)
FNDA:0,(anonymous_12)
FNDA:0,(anonymous_13)
FNDA:1,(anonymous_14)
FNDA:1,(anonymous_15)
FNDA:1,(anonymous_16)
FNDA:1,(anonymous_17)
FNDA:1,(anonymous_18)
FNDA:1,(anonymous_19)
FNDA:1,(anonymous_20)
FNDA:1,(anonymous_21)
FNDA:0,(anonymous_22)
FNDA:1,(anonymous_23)
FNDA:1,(anonymous_24)
FNDA:0,(anonymous_25)
FNDA:0,(anonymous_26)
FNDA:0,(anonymous_27)
FNDA:0,(anonymous_28)
FNDA:0,(anonymous_29)
FNDA:0,(anonymous_30)
FNDA:0,(anonymous_31)
FNDA:0,(anonymous_32)
FNDA:0,(anonymous_33)
FNDA:0,(anonymous_34)
FNDA:0,(anonymous_35)
FNDA:0,(anonymous_36)
DA:2,1
DA:3,7
DA:4,4
DA:5,7
DA:6,0
DA:7,11
DA:8,4
DA:11,1
DA:12,1
DA:13,26
DA:14,26
DA:15,1
DA:16,1
DA:17,0
DA:18,0
DA:20,1
DA:22,1
DA:23,1
DA:25,1
DA:26,1
DA:27,1
DA:28,1
DA:29,1
DA:30,1
DA:33,1
DA:36,0
DA:37,0
DA:38,0
DA:39,0
DA:40,0
DA:43,0
DA:44,0
DA:49,0
DA:50,0
DA:51,0
DA:52,0
DA:53,0
DA:54,0
DA:57,0
DA:58,0
DA:63,1
DA:64,1
DA:65,1
DA:66,1
DA:69,0
DA:70,0
DA:75,1
DA:76,1
DA:77,1
DA:78,1
DA:79,1
DA:80,1
DA:83,0
DA:84,0
DA:89,1
DA:90,1
DA:91,1
DA:92,1
DA:93,1
DA:95,1
DA:97,1
DA:98,1
DA:99,1
DA:102,0
DA:107,1
DA:108,1
DA:109,1
DA:110,1
DA:111,1
DA:112,1
DA:113,1
DA:114,1
DA:115,0
DA:118,1
DA:119,1
DA:120,1
DA:125,0
DA:126,0
DA:127,0
DA:128,0
DA:129,0
DA:130,0
DA:131,0
DA:134,0
DA:135,0
DA:140,0
DA:141,0
DA:142,0
DA:143,0
DA:146,0
DA:151,0
DA:152,0
DA:153,0
DA:154,0
DA:155,0
DA:158,0
DA:163,0
DA:164,0
DA:165,0
DA:166,0
DA:167,0
DA:170,0
DA:175,0
DA:176,0
DA:177,0
DA:178,0
DA:179,0
DA:180,0
DA:181,0
DA:184,0
DA:189,0
DA:190,0
DA:191,0
DA:192,0
DA:193,0
DA:194,0
DA:197,0
DA:202,1
LF:118
LH:53
BRDA:2,0,0,1
BRDA:2,0,1,1
BRDA:2,0,2,1
BRDA:3,1,0,7
BRDA:3,1,1,0
BRDA:4,2,0,4
BRDA:4,2,1,4
BRDA:7,3,0,4
BRDA:7,3,1,7
BRDA:8,4,0,4
BRDA:8,4,1,4
BRDA:11,5,0,1
BRDA:11,5,1,1
BRDA:11,5,2,1
BRDA:13,6,0,26
BRDA:13,6,1,0
BRDA:13,7,0,26
BRDA:13,7,1,26
BRDA:15,8,0,1
BRDA:15,8,1,0
BRDA:15,9,0,1
BRDA:15,9,1,1
BRDA:17,10,0,0
BRDA:17,10,1,0
BRDA:17,11,0,0
BRDA:17,11,1,0
BRDA:22,12,0,1
BRDA:22,12,1,1
BRDA:22,12,2,1
BRDA:23,13,0,0
BRDA:23,13,1,1
BRDA:23,14,0,1
BRDA:23,14,1,1
BRDA:114,15,0,0
BRDA:114,15,1,1
BRF:35
BRH:26
end_of_record
TN:
SF:src\interfaces\controllers\testController.js
FN:2,(anonymous_0)
FN:3,adopt
FN:3,(anonymous_2)
FN:4,(anonymous_3)
FN:5,fulfilled
FN:6,rejected
FN:7,step
FN:14,(anonymous_7)
FN:15,(anonymous_8)
FN:16,(anonymous_9)
FNF:10
FNH:1
FNDA:0,(anonymous_0)
FNDA:0,adopt
FNDA:0,(anonymous_2)
FNDA:0,(anonymous_3)
FNDA:0,fulfilled
FNDA:0,rejected
FNDA:0,step
FNDA:1,(anonymous_7)
FNDA:0,(anonymous_8)
FNDA:0,(anonymous_9)
DA:2,1
DA:3,0
DA:4,0
DA:5,0
DA:6,0
DA:7,0
DA:8,0
DA:11,1
DA:12,1
DA:16,0
DA:18,0
DA:19,0
DA:20,0
DA:22,0
DA:23,0
DA:27,1
LF:16
LH:4
BRDA:2,0,0,1
BRDA:2,0,1,1
BRDA:2,0,2,1
BRDA:3,1,0,0
BRDA:3,1,1,0
BRDA:4,2,0,0
BRDA:4,2,1,0
BRDA:7,3,0,0
BRDA:7,3,1,0
BRDA:8,4,0,0
BRDA:8,4,1,0
BRF:11
BRH:3
end_of_record
TN:
SF:src\interfaces\routes\routes.js
FNF:0
FNH:0
DA:2,1
DA:3,1
DA:4,1
DA:5,1
DA:6,1
DA:7,1
DA:8,1
DA:9,1
DA:10,1
DA:11,1
DA:12,1
DA:13,1
DA:14,1
DA:15,1
DA:16,1
DA:17,1
DA:18,1
DA:19,1
DA:20,1
DA:21,1
DA:22,1
DA:23,1
DA:24,1
DA:25,1
DA:26,1
DA:27,1
DA:28,1
DA:29,1
DA:30,1
DA:31,1
DA:32,1
DA:33,1
DA:34,1
DA:35,1
DA:36,1
DA:37,1
DA:38,1
DA:39,1
DA:40,1
DA:41,1
DA:42,1
DA:43,1
LF:42
LH:42
BRF:0
BRH:0
end_of_record
TN:
SF:src\interfaces\utils\socket.js
FN:4,(anonymous_0)
FN:6,(anonymous_1)
FN:10,(anonymous_2)
FN:16,(anonymous_3)
FN:17,(anonymous_4)
FNF:5
FNH:0
FNDA:0,(anonymous_0)
FNDA:0,(anonymous_1)
FNDA:0,(anonymous_2)
FNDA:0,(anonymous_3)
FNDA:0,(anonymous_4)
DA:2,1
DA:3,1
DA:4,1
DA:5,0
DA:6,0
DA:7,0
DA:8,0
DA:10,0
DA:11,0
DA:12,0
DA:15,1
DA:16,1
DA:17,0
DA:18,0
DA:21,1
LF:15
LH:6
BRF:0
BRH:0
end_of_record
TN:
SF:src\interfaces\utils\socketcon.js
FN:2,(anonymous_0)
FN:6,(anonymous_1)
FN:9,(anonymous_2)
FN:13,(anonymous_3)
FN:15,(anonymous_4)
FN:18,(anonymous_5)
FN:25,(anonymous_6)
FN:37,(anonymous_7)
FN:44,(anonymous_8)
FN:52,(anonymous_9)
FN:55,(anonymous_10)
FN:56,(anonymous_11)
FNF:12
FNH:5
FNDA:0,(anonymous_0)
FNDA:0,(anonymous_1)
FNDA:0,(anonymous_2)
FNDA:0,(anonymous_3)
FNDA:0,(anonymous_4)
FNDA:1,(anonymous_5)
FNDA:5,(anonymous_6)
FNDA:9,(anonymous_7)
FNDA:9,(anonymous_8)
FNDA:0,(anonymous_9)
FNDA:9,(anonymous_10)
FNDA:0,(anonymous_11)
DA:2,1
DA:3,0
DA:4,0
DA:5,0
DA:6,0
DA:8,0
DA:10,0
DA:11,0
DA:13,1
DA:14,0
DA:16,0
DA:18,1
DA:19,1
DA:20,0
DA:21,0
DA:22,0
DA:23,0
DA:25,1
DA:26,5
DA:28,1
DA:29,1
DA:30,1
DA:31,1
DA:32,1
DA:33,1
DA:34,1
DA:35,1
DA:38,9
DA:39,9
DA:40,9
DA:41,9
DA:42,9
DA:43,9
DA:44,9
DA:45,9
DA:46,9
DA:48,9
DA:49,9
DA:50,9
DA:53,0
DA:56,9
DA:59,0
DA:61,0
DA:65,1
LF:44
LH:28
BRDA:2,0,0,1
BRDA:2,0,1,1
BRDA:2,0,2,1
BRDA:2,1,0,1
BRDA:2,1,1,0
BRDA:3,2,0,0
BRDA:3,2,1,0
BRDA:5,3,0,0
BRDA:5,3,1,0
BRDA:5,4,0,0
BRDA:5,4,1,0
BRDA:5,5,0,0
BRDA:5,5,1,0
BRDA:5,6,0,0
BRDA:5,6,1,0
BRDA:10,7,0,0
BRDA:10,7,1,0
BRDA:13,8,0,1
BRDA:13,8,1,1
BRDA:13,8,2,1
BRDA:13,9,0,1
BRDA:13,9,1,0
BRDA:18,10,0,1
BRDA:18,10,1,1
BRDA:18,10,2,1
BRDA:19,11,0,1
BRDA:19,11,1,0
BRDA:19,12,0,1
BRDA:19,12,1,1
BRDA:21,13,0,0
BRDA:21,13,1,0
BRDA:21,14,0,0
BRDA:21,14,1,0
BRDA:21,15,0,0
BRDA:21,15,1,0
BRDA:25,16,0,1
BRDA:25,16,1,1
BRDA:25,16,2,1
BRDA:26,17,0,1
BRDA:26,17,1,4
BRDA:26,18,0,5
BRDA:26,18,1,5
BRF:42
BRH:21
end_of_record
